-------- Log file trappist1.log -------

Executable: vplanet
System Name: trappist1
Primary Input File: vpl.in
Body File #1: star.in
Body File #2: b.in
Body File #3: c.in
Body File #4: d.in
Body File #5: e.in
Body File #6: f.in
Body File #7: g.in
Body File #8: h.in
Allow files to be overwitten: Yes
Mass Units: Kilograms
Length Units: Meters
Time Units: Seconds
Angle Units: Radians

------- FORMATTING -----
Verbosity Level: 5
Crossover Decade for Scientific Notation: 4
Number of Digits After Decimal: 6
Integration Method: Runge-Kutta4
Direction: Forward
Time Step: 3.155760e+07
Stop Time: 1.577880e+17
Output Interval: 3.155760e+13
Use Variable Timestep: Yes
dEta: 0.100000
Minimum Value of ecc and obl: 1.000000e-10


---- INITIAL SYSTEM PROPERTIES ----
(Age) System Age [sec]: 3.155760e+13 
(Time) Simulation Time [sec]: 0.000000 
(TotAngMom) Total Angular Momentum [kg*m^2/sec]: 1.128356e+42 
(TotEnergy) Total System Energy [kg*m^2/sec^2]: -1.849803e+39 
(PotEnergy) Body's non-orbital Potential Energy [kg*m^2/sec^2]: -1.890499e+39 
(KinEnergy) Body's non-orbital Kinetic Energy [kg*m^2/sec^2]: 4.075712e+37 
(DeltaTime) Average Timestep Over Last Output Interval [sec]: inf 
(Density) Average Density [kg/m^3]: 2539.010368 
(LongP) Body's Longitude of pericenter [rad]: 0.000000 
(LXUVTot) Total XUV Luminosity [LSUN]: 4.660157e-05 

----- BODY: star ----
Active Modules: EQTIDE STELLAR
Module Bit Sum: 67
Color: 000000
(Mass) Mass [kg]: 1.769690e+29 
(Obliquity) Obliquity [rad]: 0.000000 
(PrecA) Body's precession angle [rad]: 0.000000 
(Xobl) Body's sin(obl)*cos(pA) []: 0.000000 
(Yobl) Body's sin(obl)*sin(pA) []: 0.000000 
(Zobl) Body's cos(obl) []: 1.000000 
(Radius) Radius [m]: 6.633974e+08 
(RadGyra) Radius of Gyration []: 0.444865 
(RotAngMom) Rotational Angular Momentum [kg*m^2/sec]: 1.120901e+42 
(RotKinEnergy) Body's Rotational Energy [kg*m^2/sec^2]: 4.075712e+37 
(RotVel) Rotational Velocity [m/sec]: 4.824362e+04 
(BodyType) Type of Body (0 == planet) []: 0.000000 
(RotRate) Rotational Frequency [/sec]: 7.272205e-05 
(RotPer) Rotational Period [sec]: 8.640000e+04 
(SurfEnFluxTotal) Total Surface Energy Flux [kg*m^2/sec^2/(m^2*sec)]: 0.054278 
(TidalQ) Tidal Q []: 1.000000e+06 
(ImK2) Im(k_2) []: 5.000000e-07 
(K2) k_2 []: 0.500000 
(K2Man) Real Love Number k2 Mantle []: 0.500000 
(Imk2Man) Imaginary Love Number k2 Mantle []: 5.000000e-07 
(HEcc) Poincare's h (=e*sin(varpi) []: 0.000000 
(HZLimitDryRunaway) Semi-major axis of Dry Runaway HZ Limit [m]: -1.000000 
(Instellation) Orbit-averaged INcident STELLar radiATION [rad]: -1.000000 
(KEcc) Poincare's k (=e*cos(varpi) []: 0.000000 
(Eccentricity) Orbital Eccentricity []: -1.000000 
(OrbEnergy) Body's Total Orbital Energy [kg*m^2/sec^2]: 0.000000 
(MeanMotion) Orbital Mean Motion [/sec]: -1.000000 
(OrbPeriod) Orbital Period [sec]: -1.000000 
(SemiMajorAxis) Semi-major Axis [m]: -1.000000 
(OrbAngMom) Orbital Angular Momentum [kg*m^2/sec]: 0.000000 
(TotOrbEnergy) System's Total Orbital Energy [kg*m^2/sec^2]: -6.074042e+34 
(OrbPotEnergy) Body's Orbital Potential Energy [kg*m^2/sec^2]: -1.000000 
(LostEnergy) Body's Total Lost Energy [kg*m^2/sec^2]: 0.000000 
(LostAngMom) Lost Angular Momentum due to Magnetic Braking [kg*m^2/sec]: 0.000000 
----- EQTIDE PARAMETERS (star)------
(LockTime) Time when body tidally locked. [sec]: -1.000000 
(BodyDsemiDtEqtide) Body's Contribution to dSemi/dt in EQTIDE []: -1.000000 
(BodyDeccDt) Body's Contribution to dEcc/dt in EQTIDE []: -1.000000 
(DOblDtEqtide) Time Rate of Change of Obliquity in EQTIDE [rad/sec]: 0.000000 
(DRotPerDtEqtide) Time Rate of Change of Rotation Period in EQTIDE []: 8.275127e-16 
(DRotRateDtEqtide) Time Rate of Change of Rotational Frequency in EQTIDE [/sec^2]: -6.965095e-25 
(EqRotRateDiscrete) CPL2 Discrete Equilibrium Spin Rate [/sec]: 4.786567e-05 
(EqRotPerDiscrete) CPL2 Discrete Equilibrium Spin Period [sec]: 1.312671e+05 
(EqRotRateCont) CPL2 Continuous Equilibrium Spin Rate [/sec]: 4.788315e-05 
(EqRotPerCont) CPL2 Continuous Equilibrium Rotation Period [sec]: 1.312191e+05 
(EqRotPer) Equilibrium Rotation Period [sec]: 1.312671e+05 
(EqRotRate) Equilibrium Rotation Rate [/sec]: 4.786567e-05 
(GammaRot) Gamma_Rotation [cgs]: -1.000000 
(GammaOrb) Gamma_Orbital [cgs]: -1.000000 
(OceanK2) K2_Ocean []: 1.000000 
(EnvTidalQ) Envelope Tidal Q []: 0.010000 
(OceanTidalQ) Ocean Tidal Q []: 30.000000 
(TideLock) Tidally Locked? []: 0.000000 
(RotTimeEqtide) Timescale for Rotational Evolution in EQTIDE [sec]: 1.258121e+20 
(EnvK2) K2_Env []: 0.010000 
(OblTimeEqtide) Timescale for Obliquity Evolution in EQTIDE []: -1.000000 
(PowerEqtide) Internal Power due to Tides in EQTIDE [kg*m^2/sec^3]: 3.001820e+17 
(SurfEnFluxEqtide) Surface Energy Flux due to Tides in EQTIDE [kg*m^2/sec^2/(m^2*sec)]: 0.054278 
Tidal Perturbers: b, c, d, e, f, g, h
----- STELLAR PARAMETERS (star)------
(Luminosity) Luminosity [LSUN]: 0.058252 
(LXUVStellar) Base X-ray/XUV Luminosity [kg*m^2/sec^3]: 1.792296e+22 
(Temperature) Effective Temperature [K]: 2905.585082 
(LXUVFrac) X-ray/XUV Luminosity Fraction []: 0.000800 
(RossbyNumber) Rossby Number []: 0.014093 
(DRotPerDtStellar) Time Rate of Change of Rotation Period in STELLAR []: 2.337788e-09 
(HZLimRecVenus) Recent Venus Habitable Zone Limit [m]: 2.951990e+10 
(HZLimRunaway) Runaway Greenhouse Habitable Zone Limit [m]: 3.883624e+10 
(HZLimMoistGreenhouse) Moist Greenhouse Habitable Zone Limit [m]: 3.905972e+10 
(HZLimMaxGreenhouse) Maximum Greenhouse Habitable Zone Limit [m]: 7.509282e+10 
(HZLimEarlyMars) Early Mars Habitable Zone Limit [m]: 8.189657e+10 
Output Order: Time[year] Luminosity[LSUN] LXUVTot[LSUN] Temperature[K] HZLimRecVenus[AU] HZLimRunaway[AU] HZLimMaxGreenhouse[AU] HZLimEarlyMars[AU]
Grid Output Order:

----- BODY: b ----
Active Modules: ATMESC EQTIDE
Module Bit Sum: 11
Color: 000000
(Mass) Mass [kg]: 6.073713e+24 
(Obliquity) Obliquity [rad]: 0.000000 
(PrecA) Body's precession angle [rad]: 0.000000 
(Xobl) Body's sin(obl)*cos(pA) []: 0.000000 
(Yobl) Body's sin(obl)*sin(pA) []: 0.000000 
(Zobl) Body's cos(obl) []: 1.000000 
(Radius) Radius [m]: 7.149850e+06 
(RadGyra) Radius of Gyration []: 0.500000 
(RotAngMom) Rotational Angular Momentum [kg*m^2/sec]: 5.644874e+33 
(RotKinEnergy) Body's Rotational Energy [kg*m^2/sec^2]: 2.052534e+29 
(RotVel) Rotational Velocity [m/sec]: 519.951772 
(BodyType) Type of Body (0 == planet) []: 0.000000 
(RotRate) Rotational Frequency [/sec]: 7.272205e-05 
(RotPer) Rotational Period [sec]: 8.640000e+04 
(SurfEnFluxTotal) Total Surface Energy Flux [kg*m^2/sec^2/(m^2*sec)]: 7.106366e+04 
(TidalQ) Tidal Q []: 12.000000 
(ImK2) Im(k_2) []: 0.000833 
(K2) k_2 []: 0.010000 
(K2Man) Real Love Number k2 Mantle []: 0.010000 
(Imk2Man) Imaginary Love Number k2 Mantle []: 0.000833 
(HEcc) Poincare's h (=e*sin(varpi) []: 0.000000 
(HZLimitDryRunaway) Semi-major axis of Dry Runaway HZ Limit [m]: 3.277248e+10 
(Instellation) Orbit-averaged INcident STELLar radiATION [rad]: 3.277248e+10 
(KEcc) Poincare's k (=e*cos(varpi) []: 0.006200 
(Eccentricity) Orbital Eccentricity []: 0.006200 
(OrbEnergy) Body's Total Orbital Energy [kg*m^2/sec^2]: -2.076362e+34 
(MeanMotion) Orbital Mean Motion [/sec]: 4.786567e-05 
(OrbPeriod) Orbital Period [sec]: 1.312671e+05 
(SemiMajorAxis) Semi-major Axis [AU]: 0.011548 
(OrbAngMom) Orbital Angular Momentum [kg*m^2/sec]: 8.675624e+38 
(TotOrbEnergy) System's Total Orbital Energy [kg*m^2/sec^2]: -6.074042e+34 
(OrbPotEnergy) Body's Orbital Potential Energy [kg*m^2/sec^2]: -4.152725e+34 
(LostEnergy) Body's Total Lost Energy [kg*m^2/sec^2]: 0.000000 
----- EQTIDE PARAMETERS (b)------
(TidalRadius) Tidal Radius [m]: 7.149850e+06 
(DsemiDtEqtide) Total da/dt in EQTIDE [m/sec]: 7.353923e-06 
(DeccDtEqtide) Total de/dt in EQTIDE [/Gyr]: 1.977164 
(DMeanMotionDtEqtide) Total dMeanMotion/dt in EQTIDE [/sec^2]: -3.056410e-19 
(DOrbPerDtEqtide) Total dOrbPer/dt in EQTIDE []: 8.381916e-10 
(EccTimeEqtide) Timescale for Eccentricity Evolution (e/[de/dt]) in EQTIDE [years]: 3.135804e+06 
(SemiTimeEqtide) Timescale for Semi-major Axis Evolution (a/[da/dt]) in EQTIDE [sec]: 2.349112e+14 
(DHEccDtEqtide) Time Rate of Change of Poincare's h in EQTIDE [/sec]: 0.000000 
(DKEccDtEqtide) Time Rate of Change of Poincare's k in EQTIDE [/sec]: 6.265255e-17 
(DXoblDtEqtide) Time Rate of Change of Laskar's X in EQTIDE [/sec]: 0.000000 
(DYoblDtEqtide) Time Rate of Change of Laskar's Y in EQTIDE [/sec]: 0.000000 
(DZoblDtEqtide) Time Rate of Change of Laskar's Z in EQTIDE [/sec]: 0.000000 
(LockTime) Time when body tidally locked. [sec]: -1.000000 
(BodyDsemiDtEqtide) Body's Contribution to dSemi/dt in EQTIDE []: -1.000000 
(BodyDeccDt) Body's Contribution to dEcc/dt in EQTIDE []: -1.000000 
(DOblDtEqtide) Time Rate of Change of Obliquity in EQTIDE [rad/sec]: 0.000000 
(DRotPerDtEqtide) Time Rate of Change of Rotation Period in EQTIDE []: 2.812170e-05 
(DRotRateDtEqtide) Time Rate of Change of Rotational Frequency in EQTIDE [/sec^2]: -2.366977e-14 
(EqRotRateDiscrete) CPL2 Discrete Equilibrium Spin Rate [/sec]: 4.786567e-05 
(EqRotPerDiscrete) CPL2 Discrete Equilibrium Spin Period [sec]: 1.312671e+05 
(EqRotRateCont) CPL2 Continuous Equilibrium Spin Rate [/sec]: 4.788315e-05 
(EqRotPerCont) CPL2 Continuous Equilibrium Rotation Period [sec]: 1.312191e+05 
(EqRotPer) Equilibrium Rotation Period [sec]: 1.312671e+05 
(EqRotRate) Equilibrium Rotation Rate [/sec]: 4.786567e-05 
(GammaRot) Gamma_Rotation [cgs]: -1.000000 
(GammaOrb) Gamma_Orbital [cgs]: -1.000000 
(OceanK2) K2_Ocean []: 1.000000 
(EnvTidalQ) Envelope Tidal Q []: 0.010000 
(OceanTidalQ) Ocean Tidal Q []: 30.000000 
(TideLock) Tidally Locked? []: 0.000000 
(RotTimeEqtide) Timescale for Rotational Evolution in EQTIDE [sec]: 3.072361e+09 
(EnvK2) K2_Env []: 0.010000 
(OblTimeEqtide) Timescale for Obliquity Evolution in EQTIDE []: -1.000000 
(PowerEqtide) Internal Power due to Tides in EQTIDE [kg*m^2/sec^3]: 4.565111e+19 
(SurfEnFluxEqtide) Surface Energy Flux due to Tides in EQTIDE [kg*m^2/sec^2/(m^2*sec)]: 7.106366e+04 
Tidal Perturbers: star
----- ATMESC PARAMETERS (b)------
(SurfWaterMass) Surface Water Mass [TO]: 10.000000 
(EnvelopeMass) Envelope Mass [Earth]: 0.000000 
(OxygenMass) Oxygen Mass [bars]: 0.000000 
(RGLimit) Runaway Greenhouse Semi-Major Axis [m]: 3.765565e+10 
(XO) Atomic Oxygen Mixing Ratio in Upper Atmosphere []: 0.333333 
(EtaO) Oxygen Eta Parameter (Luger and Barnes 2015) []: 0.000000 
(PlanetRadius) Planet Radius [m]: 7.149850e+06 
(OxygenMantleMass) Mass of Oxygen in Mantle [kg]: 0.000000 
(RadXUV) XUV Radius separating hydro. dyn. escpape and equilibrium [m]: -1.000000 
(RadSolid) Radius to the solid surface [m]: -1.000000 
(PresXUV) Pressure at base of Thermosphere []: 5.000000 
(ScaleHeight) Scaling factor in fdLehmerRadius [J s^2 / kg m]: -1.000000 
(ThermTemp) Isothermal Atmospheric Temperature []: 880.000000 
(AtmGasConst) Atmospheric Gas Constant []: 4124.000000 
(PresSurf) Surface Pressure due to Atmosphere []: -1.000000 
(DEnvMassDt) Envelope Mass Loss Rate []: -1.000000 
(FXUV) XUV Flux [W/m^2]: 477.928273 
(AtmXAbsEffH2O) XUV Atmospheric Escape Efficiency for H2O []: 0.000000 
(RGDuration) Runaway Greenhouse Duration [years]: 0.00000e+00
Output Order: Time[year] SurfWaterMass[TO] OxygenMass[bars] EnvelopeMass[Earth] ScaleHeight[J s^2 / kg m] SemiMajorAxis[AU] DeccDtEqtide[/Gyr] EccTimeEqtide[years] EnvTidalQ[] EnvK2[]
Grid Output Order:

----- BODY: c ----
Active Modules: ATMESC EQTIDE
Module Bit Sum: 11
Color: 000000
(Mass) Mass [kg]: 6.903847e+24 
(Obliquity) Obliquity [rad]: 0.000000 
(PrecA) Body's precession angle [rad]: 0.000000 
(Xobl) Body's sin(obl)*cos(pA) []: 0.000000 
(Yobl) Body's sin(obl)*sin(pA) []: 0.000000 
(Zobl) Body's cos(obl) []: 1.000000 
(Radius) Radius [m]: 6.984020e+06 
(RadGyra) Radius of Gyration []: 0.500000 
(RotAngMom) Rotational Angular Momentum [kg*m^2/sec]: 6.122209e+33 
(RotKinEnergy) Body's Rotational Energy [kg*m^2/sec^2]: 2.226098e+29 
(RotVel) Rotational Velocity [m/sec]: 507.892230 
(BodyType) Type of Body (0 == planet) []: 0.000000 
(RotRate) Rotational Frequency [/sec]: 7.272205e-05 
(RotPer) Rotational Period [sec]: 8.640000e+04 
(SurfEnFluxTotal) Total Surface Energy Flux [kg*m^2/sec^2/(m^2*sec)]: 1.731095e+04 
(TidalQ) Tidal Q []: 12.000000 
(ImK2) Im(k_2) []: 0.000833 
(K2) k_2 []: 0.010000 
(K2Man) Real Love Number k2 Mantle []: 0.010000 
(Imk2Man) Imaginary Love Number k2 Mantle []: 0.000833 
(HEcc) Poincare's h (=e*sin(varpi) []: 0.000000 
(HZLimitDryRunaway) Semi-major axis of Dry Runaway HZ Limit [m]: 3.277254e+10 
(Instellation) Orbit-averaged INcident STELLar radiATION [rad]: 3.277254e+10 
(KEcc) Poincare's k (=e*cos(varpi) []: 0.006500 
(Eccentricity) Orbital Eccentricity []: 0.006500 
(OrbEnergy) Body's Total Orbital Energy [kg*m^2/sec^2]: -1.723316e+34 
(MeanMotion) Orbital Mean Motion [/sec]: 2.986500e-05 
(OrbPeriod) Orbital Period [sec]: 2.103863e+05 
(SemiMajorAxis) Semi-major Axis [AU]: 0.015815 
(OrbAngMom) Orbital Angular Momentum [kg*m^2/sec]: 1.154046e+39 
(TotOrbEnergy) System's Total Orbital Energy [kg*m^2/sec^2]: -6.074042e+34 
(OrbPotEnergy) Body's Orbital Potential Energy [kg*m^2/sec^2]: -3.446632e+34 
(LostEnergy) Body's Total Lost Energy [kg*m^2/sec^2]: 0.000000 
----- EQTIDE PARAMETERS (c)------
(TidalRadius) Tidal Radius [m]: 6.984020e+06 
(DsemiDtEqtide) Total da/dt in EQTIDE [m/sec]: 1.022666e-06 
(DeccDtEqtide) Total de/dt in EQTIDE [/Gyr]: 0.210467 
(DMeanMotionDtEqtide) Total dMeanMotion/dt in EQTIDE [/sec^2]: -1.936376e-20 
(DOrbPerDtEqtide) Total dOrbPer/dt in EQTIDE []: 1.364095e-10 
(EccTimeEqtide) Timescale for Eccentricity Evolution (e/[de/dt]) in EQTIDE [years]: 3.088377e+07 
(SemiTimeEqtide) Timescale for Semi-major Axis Evolution (a/[da/dt]) in EQTIDE [sec]: 2.313471e+15 
(DHEccDtEqtide) Time Rate of Change of Poincare's h in EQTIDE [/sec]: 0.000000 
(DKEccDtEqtide) Time Rate of Change of Poincare's k in EQTIDE [/sec]: 6.669282e-18 
(DXoblDtEqtide) Time Rate of Change of Laskar's X in EQTIDE [/sec]: 0.000000 
(DYoblDtEqtide) Time Rate of Change of Laskar's Y in EQTIDE [/sec]: 0.000000 
(DZoblDtEqtide) Time Rate of Change of Laskar's Z in EQTIDE [/sec]: 0.000000 
(LockTime) Time when body tidally locked. [sec]: -1.000000 
(BodyDsemiDtEqtide) Body's Contribution to dSemi/dt in EQTIDE []: -1.000000 
(BodyDeccDt) Body's Contribution to dEcc/dt in EQTIDE []: -1.000000 
(DOblDtEqtide) Time Rate of Change of Obliquity in EQTIDE [rad/sec]: 0.000000 
(DRotPerDtEqtide) Time Rate of Change of Rotation Period in EQTIDE []: 3.494555e-06 
(DRotRateDtEqtide) Time Rate of Change of Rotational Frequency in EQTIDE [/sec^2]: -2.941334e-15 
(EqRotRateDiscrete) CPL2 Discrete Equilibrium Spin Rate [/sec]: 2.986500e-05 
(EqRotPerDiscrete) CPL2 Discrete Equilibrium Spin Period [sec]: 2.103863e+05 
(EqRotRateCont) CPL2 Continuous Equilibrium Spin Rate [/sec]: 2.987698e-05 
(EqRotPerCont) CPL2 Continuous Equilibrium Rotation Period [sec]: 2.103019e+05 
(EqRotPer) Equilibrium Rotation Period [sec]: 2.103863e+05 
(EqRotRate) Equilibrium Rotation Rate [/sec]: 2.986500e-05 
(GammaRot) Gamma_Rotation [cgs]: -1.000000 
(GammaOrb) Gamma_Orbital [cgs]: -1.000000 
(OceanK2) K2_Ocean []: 1.000000 
(EnvTidalQ) Envelope Tidal Q []: 0.010000 
(OceanTidalQ) Ocean Tidal Q []: 30.000000 
(TideLock) Tidally Locked? []: 0.000000 
(RotTimeEqtide) Timescale for Rotational Evolution in EQTIDE [sec]: 2.472418e+10 
(EnvK2) K2_Env []: 0.010000 
(OblTimeEqtide) Timescale for Obliquity Evolution in EQTIDE []: -1.000000 
(PowerEqtide) Internal Power due to Tides in EQTIDE [kg*m^2/sec^3]: 1.061064e+19 
(SurfEnFluxEqtide) Surface Energy Flux due to Tides in EQTIDE [kg*m^2/sec^2/(m^2*sec)]: 1.731095e+04 
Tidal Perturbers: star
----- ATMESC PARAMETERS (c)------
(SurfWaterMass) Surface Water Mass [TO]: 10.000000 
(EnvelopeMass) Envelope Mass [Earth]: 0.000000 
(OxygenMass) Oxygen Mass [bars]: 0.000000 
(RGLimit) Runaway Greenhouse Semi-Major Axis [m]: 3.754185e+10 
(XO) Atomic Oxygen Mixing Ratio in Upper Atmosphere []: 0.333333 
(EtaO) Oxygen Eta Parameter (Luger and Barnes 2015) []: 0.000000 
(PlanetRadius) Planet Radius [m]: 6.984020e+06 
(OxygenMantleMass) Mass of Oxygen in Mantle [kg]: 0.000000 
(RadXUV) XUV Radius separating hydro. dyn. escpape and equilibrium [m]: -1.000000 
(RadSolid) Radius to the solid surface [m]: -1.000000 
(PresXUV) Pressure at base of Thermosphere []: 5.000000 
(ScaleHeight) Scaling factor in fdLehmerRadius [J s^2 / kg m]: -1.000000 
(ThermTemp) Isothermal Atmospheric Temperature []: 880.000000 
(AtmGasConst) Atmospheric Gas Constant []: 4124.000000 
(PresSurf) Surface Pressure due to Atmosphere []: -1.000000 
(DEnvMassDt) Envelope Mass Loss Rate []: -1.000000 
(FXUV) XUV Flux [W/m^2]: 254.808149 
(AtmXAbsEffH2O) XUV Atmospheric Escape Efficiency for H2O []: 0.000000 
(RGDuration) Runaway Greenhouse Duration [years]: 0.00000e+00
Output Order: Time[year] SurfWaterMass[TO] OxygenMass[bars] EnvelopeMass[Earth] ScaleHeight[J s^2 / kg m] SemiMajorAxis[AU] DeccDtEqtide[/Gyr] EccTimeEqtide[years] EnvTidalQ[] EnvK2[]
Grid Output Order:

----- BODY: d ----
Active Modules: ATMESC EQTIDE
Module Bit Sum: 11
Color: 000000
(Mass) Mass [kg]: 1.773739e+24 
(Obliquity) Obliquity [rad]: 0.000000 
(PrecA) Body's precession angle [rad]: 0.000000 
(Xobl) Body's sin(obl)*cos(pA) []: 0.000000 
(Yobl) Body's sin(obl)*sin(pA) []: 0.000000 
(Zobl) Body's cos(obl) []: 1.000000 
(Radius) Radius [m]: 5.000430e+06 
(RadGyra) Radius of Gyration []: 0.500000 
(RotAngMom) Rotational Angular Momentum [kg*m^2/sec]: 8.063260e+32 
(RotKinEnergy) Body's Rotational Energy [kg*m^2/sec^2]: 2.931884e+28 
(RotVel) Rotational Velocity [m/sec]: 363.641560 
(BodyType) Type of Body (0 == planet) []: 0.000000 
(RotRate) Rotational Frequency [/sec]: 7.272205e-05 
(RotPer) Rotational Period [sec]: 8.640000e+04 
(SurfEnFluxTotal) Total Surface Energy Flux [kg*m^2/sec^2/(m^2*sec)]: 1040.594576 
(TidalQ) Tidal Q []: 12.000000 
(ImK2) Im(k_2) []: 0.000833 
(K2) k_2 []: 0.010000 
(K2Man) Real Love Number k2 Mantle []: 0.010000 
(Imk2Man) Imaginary Love Number k2 Mantle []: 0.000833 
(HEcc) Poincare's h (=e*sin(varpi) []: 0.000000 
(HZLimitDryRunaway) Semi-major axis of Dry Runaway HZ Limit [m]: 3.277300e+10 
(Instellation) Orbit-averaged INcident STELLar radiATION [rad]: 3.277300e+10 
(KEcc) Poincare's k (=e*cos(varpi) []: 0.008370 
(Eccentricity) Orbital Eccentricity []: 0.008370 
(OrbEnergy) Body's Total Orbital Energy [kg*m^2/sec^2]: -3.142776e+33 
(MeanMotion) Orbital Mean Motion [/sec]: 1.785998e-05 
(OrbPeriod) Orbital Period [sec]: 3.518025e+05 
(SemiMajorAxis) Semi-major Axis [AU]: 0.022280 
(OrbAngMom) Orbital Angular Momentum [kg*m^2/sec]: 3.519227e+38 
(TotOrbEnergy) System's Total Orbital Energy [kg*m^2/sec^2]: -6.074042e+34 
(OrbPotEnergy) Body's Orbital Potential Energy [kg*m^2/sec^2]: -6.285552e+33 
(LostEnergy) Body's Total Lost Energy [kg*m^2/sec^2]: 0.000000 
----- EQTIDE PARAMETERS (d)------
(TidalRadius) Tidal Radius [m]: 5.000430e+06 
(DsemiDtEqtide) Total da/dt in EQTIDE [m/sec]: 1.132233e-07 
(DeccDtEqtide) Total de/dt in EQTIDE [/Gyr]: 0.021291 
(DMeanMotionDtEqtide) Total dMeanMotion/dt in EQTIDE [/sec^2]: -9.100389e-22 
(DOrbPerDtEqtide) Total dOrbPer/dt in EQTIDE []: 1.792577e-11 
(EccTimeEqtide) Timescale for Eccentricity Evolution (e/[de/dt]) in EQTIDE [years]: 3.931267e+08 
(SemiTimeEqtide) Timescale for Semi-major Axis Evolution (a/[da/dt]) in EQTIDE [sec]: 2.943827e+16 
(DHEccDtEqtide) Time Rate of Change of Poincare's h in EQTIDE [/sec]: 0.000000 
(DKEccDtEqtide) Time Rate of Change of Poincare's k in EQTIDE [/sec]: 6.746663e-19 
(DXoblDtEqtide) Time Rate of Change of Laskar's X in EQTIDE [/sec]: 0.000000 
(DYoblDtEqtide) Time Rate of Change of Laskar's Y in EQTIDE [/sec]: 0.000000 
(DZoblDtEqtide) Time Rate of Change of Laskar's Z in EQTIDE [/sec]: 0.000000 
(LockTime) Time when body tidally locked. [sec]: -1.000000 
(BodyDsemiDtEqtide) Body's Contribution to dSemi/dt in EQTIDE []: -1.000000 
(BodyDeccDt) Body's Contribution to dEcc/dt in EQTIDE []: -1.000000 
(DOblDtEqtide) Time Rate of Change of Obliquity in EQTIDE [rad/sec]: 0.000000 
(DRotPerDtEqtide) Time Rate of Change of Rotation Period in EQTIDE []: 6.386884e-07 
(DRotRateDtEqtide) Time Rate of Change of Rotational Frequency in EQTIDE [/sec^2]: -5.375779e-16 
(EqRotRateDiscrete) CPL2 Discrete Equilibrium Spin Rate [/sec]: 1.785998e-05 
(EqRotPerDiscrete) CPL2 Discrete Equilibrium Spin Period [sec]: 3.518025e+05 
(EqRotRateCont) CPL2 Continuous Equilibrium Spin Rate [/sec]: 1.787187e-05 
(EqRotPerCont) CPL2 Continuous Equilibrium Rotation Period [sec]: 3.515685e+05 
(EqRotPer) Equilibrium Rotation Period [sec]: 3.518025e+05 
(EqRotRate) Equilibrium Rotation Rate [/sec]: 1.785998e-05 
(GammaRot) Gamma_Rotation [cgs]: -1.000000 
(GammaOrb) Gamma_Orbital [cgs]: -1.000000 
(OceanK2) K2_Ocean []: 1.000000 
(EnvTidalQ) Envelope Tidal Q []: 0.010000 
(OceanTidalQ) Ocean Tidal Q []: 30.000000 
(TideLock) Tidally Locked? []: 0.000000 
(RotTimeEqtide) Timescale for Rotational Evolution in EQTIDE [sec]: 1.352772e+11 
(EnvK2) K2_Env []: 0.010000 
(OblTimeEqtide) Timescale for Obliquity Evolution in EQTIDE []: -1.000000 
(PowerEqtide) Internal Power due to Tides in EQTIDE [kg*m^2/sec^3]: 3.269687e+17 
(SurfEnFluxEqtide) Surface Energy Flux due to Tides in EQTIDE [kg*m^2/sec^2/(m^2*sec)]: 1040.594576 
Tidal Perturbers: star
----- ATMESC PARAMETERS (d)------
(SurfWaterMass) Surface Water Mass [TO]: 10.000000 
(EnvelopeMass) Envelope Mass [Earth]: 0.000000 
(OxygenMass) Oxygen Mass [bars]: 0.000000 
(RGLimit) Runaway Greenhouse Semi-Major Axis [m]: 3.880381e+10 
(XO) Atomic Oxygen Mixing Ratio in Upper Atmosphere []: 0.333333 
(EtaO) Oxygen Eta Parameter (Luger and Barnes 2015) []: 0.000000 
(PlanetRadius) Planet Radius [m]: 5.000430e+06 
(OxygenMantleMass) Mass of Oxygen in Mantle [kg]: 0.000000 
(RadXUV) XUV Radius separating hydro. dyn. escpape and equilibrium [m]: -1.000000 
(RadSolid) Radius to the solid surface [m]: -1.000000 
(PresXUV) Pressure at base of Thermosphere []: 5.000000 
(ScaleHeight) Scaling factor in fdLehmerRadius [J s^2 / kg m]: -1.000000 
(ThermTemp) Isothermal Atmospheric Temperature []: 880.000000 
(AtmGasConst) Atmospheric Gas Constant []: 4124.000000 
(PresSurf) Surface Pressure due to Atmosphere []: -1.000000 
(DEnvMassDt) Envelope Mass Loss Rate []: -1.000000 
(FXUV) XUV Flux [W/m^2]: 128.386437 
(AtmXAbsEffH2O) XUV Atmospheric Escape Efficiency for H2O []: 0.000000 
(RGDuration) Runaway Greenhouse Duration [years]: 0.00000e+00
Output Order: Time[year] SurfWaterMass[TO] OxygenMass[bars] EnvelopeMass[Earth] ScaleHeight[J s^2 / kg m] SemiMajorAxis[AU] DeccDtEqtide[/Gyr] EccTimeEqtide[years] EnvTidalQ[] EnvK2[]
Grid Output Order:

----- BODY: e ----
Active Modules: ATMESC EQTIDE
Module Bit Sum: 11
Color: 000000
(Mass) Mass [kg]: 4.610528e+24 
(Obliquity) Obliquity [rad]: 0.000000 
(PrecA) Body's precession angle [rad]: 0.000000 
(Xobl) Body's sin(obl)*cos(pA) []: 0.000000 
(Yobl) Body's sin(obl)*sin(pA) []: 0.000000 
(Zobl) Body's cos(obl) []: 1.000000 
(Radius) Radius [m]: 5.804071e+06 
(RadGyra) Radius of Gyration []: 0.500000 
(RotAngMom) Rotational Angular Momentum [kg*m^2/sec]: 2.823724e+33 
(RotKinEnergy) Body's Rotational Energy [kg*m^2/sec^2]: 1.026735e+29 
(RotVel) Rotational Velocity [m/sec]: 422.083954 
(BodyType) Type of Body (0 == planet) []: 0.000000 
(RotRate) Rotational Frequency [/sec]: 7.272205e-05 
(RotPer) Rotational Period [sec]: 8.640000e+04 
(SurfEnFluxTotal) Total Surface Energy Flux [kg*m^2/sec^2/(m^2*sec)]: 609.483435 
(TidalQ) Tidal Q []: 12.000000 
(ImK2) Im(k_2) []: 0.000833 
(K2) k_2 []: 0.010000 
(K2Man) Real Love Number k2 Mantle []: 0.010000 
(Imk2Man) Imaginary Love Number k2 Mantle []: 0.000833 
(HEcc) Poincare's h (=e*sin(varpi) []: 0.000000 
(HZLimitDryRunaway) Semi-major axis of Dry Runaway HZ Limit [m]: 3.277227e+10 
(Instellation) Orbit-averaged INcident STELLar radiATION [rad]: 3.277227e+10 
(KEcc) Poincare's k (=e*cos(varpi) []: 0.005100 
(Eccentricity) Orbital Eccentricity []: 0.005100 
(OrbEnergy) Body's Total Orbital Energy [kg*m^2/sec^2]: -6.852433e+33 
(MeanMotion) Orbital Mean Motion [/sec]: 1.372114e-05 
(OrbPeriod) Orbital Period [sec]: 4.579200e+05 
(SemiMajorAxis) Semi-major Axis [AU]: 0.026561 
(OrbAngMom) Orbital Angular Momentum [kg*m^2/sec]: 9.988009e+38 
(TotOrbEnergy) System's Total Orbital Energy [kg*m^2/sec^2]: -6.074042e+34 
(OrbPotEnergy) Body's Orbital Potential Energy [kg*m^2/sec^2]: -1.370487e+34 
(LostEnergy) Body's Total Lost Energy [kg*m^2/sec^2]: 0.000000 
----- EQTIDE PARAMETERS (e)------
(TidalRadius) Tidal Radius [m]: 5.804071e+06 
(DsemiDtEqtide) Total da/dt in EQTIDE [m/sec]: 3.507608e-08 
(DeccDtEqtide) Total de/dt in EQTIDE [/Gyr]: 0.003373 
(DMeanMotionDtEqtide) Total dMeanMotion/dt in EQTIDE [/sec^2]: -1.816833e-22 
(DOrbPerDtEqtide) Total dOrbPer/dt in EQTIDE []: 6.063376e-12 
(EccTimeEqtide) Timescale for Eccentricity Evolution (e/[de/dt]) in EQTIDE [years]: 1.511969e+09 
(SemiTimeEqtide) Timescale for Semi-major Axis Evolution (a/[da/dt]) in EQTIDE [sec]: 1.132834e+17 
(DHEccDtEqtide) Time Rate of Change of Poincare's h in EQTIDE [/sec]: 0.000000 
(DKEccDtEqtide) Time Rate of Change of Poincare's k in EQTIDE [/sec]: 1.068866e-19 
(DXoblDtEqtide) Time Rate of Change of Laskar's X in EQTIDE [/sec]: 0.000000 
(DYoblDtEqtide) Time Rate of Change of Laskar's Y in EQTIDE [/sec]: 0.000000 
(DZoblDtEqtide) Time Rate of Change of Laskar's Z in EQTIDE [/sec]: 0.000000 
(LockTime) Time when body tidally locked. [sec]: -1.000000 
(BodyDsemiDtEqtide) Body's Contribution to dSemi/dt in EQTIDE []: -1.000000 
(BodyDeccDt) Body's Contribution to dEcc/dt in EQTIDE []: -1.000000 
(DOblDtEqtide) Time Rate of Change of Obliquity in EQTIDE [rad/sec]: 0.000000 
(DRotPerDtEqtide) Time Rate of Change of Rotation Period in EQTIDE []: 1.338085e-07 
(DRotRateDtEqtide) Time Rate of Change of Rotational Frequency in EQTIDE [/sec^2]: -1.126254e-16 
(EqRotRateDiscrete) CPL2 Discrete Equilibrium Spin Rate [/sec]: 1.372114e-05 
(EqRotPerDiscrete) CPL2 Discrete Equilibrium Spin Period [sec]: 4.579200e+05 
(EqRotRateCont) CPL2 Continuous Equilibrium Spin Rate [/sec]: 1.372453e-05 
(EqRotPerCont) CPL2 Continuous Equilibrium Rotation Period [sec]: 4.578069e+05 
(EqRotPer) Equilibrium Rotation Period [sec]: 4.579200e+05 
(EqRotRate) Equilibrium Rotation Rate [/sec]: 1.372114e-05 
(GammaRot) Gamma_Rotation [cgs]: -1.000000 
(GammaOrb) Gamma_Orbital [cgs]: -1.000000 
(OceanK2) K2_Ocean []: 1.000000 
(EnvTidalQ) Envelope Tidal Q []: 0.010000 
(OceanTidalQ) Ocean Tidal Q []: 30.000000 
(TideLock) Tidally Locked? []: 0.000000 
(RotTimeEqtide) Timescale for Rotational Evolution in EQTIDE [sec]: 6.456987e+11 
(EnvK2) K2_Env []: 0.010000 
(OblTimeEqtide) Timescale for Obliquity Evolution in EQTIDE []: -1.000000 
(PowerEqtide) Internal Power due to Tides in EQTIDE [kg*m^2/sec^3]: 2.580104e+17 
(SurfEnFluxEqtide) Surface Energy Flux due to Tides in EQTIDE [kg*m^2/sec^2/(m^2*sec)]: 609.483435 
Tidal Perturbers: star
----- ATMESC PARAMETERS (e)------
(SurfWaterMass) Surface Water Mass [TO]: 10.000000 
(EnvelopeMass) Envelope Mass [Earth]: 0.000000 
(OxygenMass) Oxygen Mass [bars]: 0.000000 
(RGLimit) Runaway Greenhouse Semi-Major Axis [m]: 3.790407e+10 
(XO) Atomic Oxygen Mixing Ratio in Upper Atmosphere []: 0.333333 
(EtaO) Oxygen Eta Parameter (Luger and Barnes 2015) []: 0.747558 
(PlanetRadius) Planet Radius [m]: 5.804071e+06 
(OxygenMantleMass) Mass of Oxygen in Mantle [kg]: 0.000000 
(RadXUV) XUV Radius separating hydro. dyn. escpape and equilibrium [m]: -1.000000 
(RadSolid) Radius to the solid surface [m]: -1.000000 
(PresXUV) Pressure at base of Thermosphere []: 5.000000 
(ScaleHeight) Scaling factor in fdLehmerRadius [J s^2 / kg m]: -1.000000 
(ThermTemp) Isothermal Atmospheric Temperature []: 880.000000 
(AtmGasConst) Atmospheric Gas Constant []: 4124.000000 
(PresSurf) Surface Pressure due to Atmosphere []: -1.000000 
(DEnvMassDt) Envelope Mass Loss Rate []: -1.000000 
(FXUV) XUV Flux [W/m^2]: 90.333868 
(AtmXAbsEffH2O) XUV Atmospheric Escape Efficiency for H2O []: 0.011359 
(RGDuration) Runaway Greenhouse Duration [years]: 0.00000e+00
Output Order: Time[year] SurfWaterMass[TO] OxygenMass[bars] EnvelopeMass[Earth] ScaleHeight[J s^2 / kg m] SemiMajorAxis[AU] DeccDtEqtide[/Gyr] EccTimeEqtide[years] EnvTidalQ[] EnvK2[]
Grid Output Order:

----- BODY: f ----
Active Modules: ATMESC EQTIDE
Module Bit Sum: 11
Color: 000000
(Mass) Mass [kg]: 5.578022e+24 
(Obliquity) Obliquity [rad]: 0.000000 
(PrecA) Body's precession angle [rad]: 0.000000 
(Xobl) Body's sin(obl)*cos(pA) []: 0.000000 
(Yobl) Body's sin(obl)*sin(pA) []: 0.000000 
(Zobl) Body's cos(obl) []: 1.000000 
(Radius) Radius [m]: 6.671493e+06 
(RadGyra) Radius of Gyration []: 0.500000 
(RotAngMom) Rotational Angular Momentum [kg*m^2/sec]: 4.513696e+33 
(RotKinEnergy) Body's Rotational Energy [kg*m^2/sec^2]: 1.641226e+29 
(RotVel) Rotational Velocity [m/sec]: 485.164633 
(BodyType) Type of Body (0 == planet) []: 0.000000 
(RotRate) Rotational Frequency [/sec]: 7.272205e-05 
(RotPer) Rotational Period [sec]: 8.640000e+04 
(SurfEnFluxTotal) Total Surface Energy Flux [kg*m^2/sec^2/(m^2*sec)]: 109.234364 
(TidalQ) Tidal Q []: 12.000000 
(ImK2) Im(k_2) []: 0.000833 
(K2) k_2 []: 0.010000 
(K2Man) Real Love Number k2 Mantle []: 0.010000 
(Imk2Man) Imaginary Love Number k2 Mantle []: 0.000833 
(HEcc) Poincare's h (=e*sin(varpi) []: 0.000000 
(HZLimitDryRunaway) Semi-major axis of Dry Runaway HZ Limit [m]: 3.277372e+10 
(Instellation) Orbit-averaged INcident STELLar radiATION [rad]: 3.277372e+10 
(KEcc) Poincare's k (=e*cos(varpi) []: 0.010700 
(Eccentricity) Orbital Eccentricity []: 0.010700 
(OrbEnergy) Body's Total Orbital Energy [kg*m^2/sec^2]: -5.714612e+33 
(MeanMotion) Orbital Mean Motion [/sec]: 7.852537e-06 
(OrbPeriod) Orbital Period [sec]: 8.001471e+05 
(SemiMajorAxis) Semi-major Axis [AU]: 0.038534 
(OrbAngMom) Orbital Angular Momentum [kg*m^2/sec]: 1.455398e+39 
(TotOrbEnergy) System's Total Orbital Energy [kg*m^2/sec^2]: -6.074042e+34 
(OrbPotEnergy) Body's Orbital Potential Energy [kg*m^2/sec^2]: -1.142922e+34 
(LostEnergy) Body's Total Lost Energy [kg*m^2/sec^2]: 0.000000 
----- EQTIDE PARAMETERS (f)------
(TidalRadius) Tidal Radius [m]: 6.671493e+06 
(DsemiDtEqtide) Total da/dt in EQTIDE [m/sec]: 7.508700e-09 
(DeccDtEqtide) Total de/dt in EQTIDE [/Gyr]: 0.001043 
(DMeanMotionDtEqtide) Total dMeanMotion/dt in EQTIDE [/sec^2]: -1.534267e-23 
(DOrbPerDtEqtide) Total dOrbPer/dt in EQTIDE []: 1.563366e-12 
(EccTimeEqtide) Timescale for Eccentricity Evolution (e/[de/dt]) in EQTIDE [years]: 1.025808e+10 
(SemiTimeEqtide) Timescale for Semi-major Axis Evolution (a/[da/dt]) in EQTIDE [sec]: 7.677156e+17 
(DHEccDtEqtide) Time Rate of Change of Poincare's h in EQTIDE [/sec]: 0.000000 
(DKEccDtEqtide) Time Rate of Change of Poincare's k in EQTIDE [/sec]: 3.305320e-20 
(DXoblDtEqtide) Time Rate of Change of Laskar's X in EQTIDE [/sec]: 0.000000 
(DYoblDtEqtide) Time Rate of Change of Laskar's Y in EQTIDE [/sec]: 0.000000 
(DZoblDtEqtide) Time Rate of Change of Laskar's Z in EQTIDE [/sec]: 0.000000 
(LockTime) Time when body tidally locked. [sec]: -1.000000 
(BodyDsemiDtEqtide) Body's Contribution to dSemi/dt in EQTIDE []: -1.000000 
(BodyDeccDt) Body's Contribution to dEcc/dt in EQTIDE []: -1.000000 
(DOblDtEqtide) Time Rate of Change of Obliquity in EQTIDE [rad/sec]: 0.000000 
(DRotPerDtEqtide) Time Rate of Change of Rotation Period in EQTIDE []: 1.802966e-08 
(DRotRateDtEqtide) Time Rate of Change of Rotational Frequency in EQTIDE [/sec^2]: -1.517539e-17 
(EqRotRateDiscrete) CPL2 Discrete Equilibrium Spin Rate [/sec]: 7.852537e-06 
(EqRotPerDiscrete) CPL2 Discrete Equilibrium Spin Period [sec]: 8.001471e+05 
(EqRotRateCont) CPL2 Continuous Equilibrium Spin Rate [/sec]: 7.861078e-06 
(EqRotPerCont) CPL2 Continuous Equilibrium Rotation Period [sec]: 7.992778e+05 
(EqRotPer) Equilibrium Rotation Period [sec]: 8.001471e+05 
(EqRotRate) Equilibrium Rotation Rate [/sec]: 7.852537e-06 
(GammaRot) Gamma_Rotation [cgs]: -1.000000 
(GammaOrb) Gamma_Orbital [cgs]: -1.000000 
(OceanK2) K2_Ocean []: 1.000000 
(EnvTidalQ) Envelope Tidal Q []: 0.010000 
(OceanTidalQ) Ocean Tidal Q []: 30.000000 
(TideLock) Tidally Locked? []: 0.000000 
(RotTimeEqtide) Timescale for Rotational Evolution in EQTIDE [sec]: 4.792104e+12 
(EnvK2) K2_Env []: 0.010000 
(OblTimeEqtide) Timescale for Obliquity Evolution in EQTIDE []: -1.000000 
(PowerEqtide) Internal Power due to Tides in EQTIDE [kg*m^2/sec^3]: 6.109634e+16 
(SurfEnFluxEqtide) Surface Energy Flux due to Tides in EQTIDE [kg*m^2/sec^2/(m^2*sec)]: 109.234364 
Tidal Perturbers: star
----- ATMESC PARAMETERS (f)------
(SurfWaterMass) Surface Water Mass [TO]: 10.000000 
(EnvelopeMass) Envelope Mass [Earth]: 0.000000 
(OxygenMass) Oxygen Mass [bars]: 0.000000 
(RGLimit) Runaway Greenhouse Semi-Major Axis [m]: 3.773110e+10 
(XO) Atomic Oxygen Mixing Ratio in Upper Atmosphere []: 0.333333 
(EtaO) Oxygen Eta Parameter (Luger and Barnes 2015) []: 0.677529 
(PlanetRadius) Planet Radius [m]: 6.671493e+06 
(OxygenMantleMass) Mass of Oxygen in Mantle [kg]: 0.000000 
(RadXUV) XUV Radius separating hydro. dyn. escpape and equilibrium [m]: -1.000000 
(RadSolid) Radius to the solid surface [m]: -1.000000 
(PresXUV) Pressure at base of Thermosphere []: 5.000000 
(ScaleHeight) Scaling factor in fdLehmerRadius [J s^2 / kg m]: -1.000000 
(ThermTemp) Isothermal Atmospheric Temperature []: 880.000000 
(AtmGasConst) Atmospheric Gas Constant []: 4124.000000 
(PresSurf) Surface Pressure due to Atmosphere []: -1.000000 
(DEnvMassDt) Envelope Mass Loss Rate []: -1.000000 
(FXUV) XUV Flux [W/m^2]: 42.923447 
(AtmXAbsEffH2O) XUV Atmospheric Escape Efficiency for H2O []: 0.017094 
(RGDuration) Runaway Greenhouse Duration [years]: 0.00000e+00
Output Order: Time[year] SurfWaterMass[TO] OxygenMass[bars] EnvelopeMass[Earth] ScaleHeight[J s^2 / kg m] SemiMajorAxis[AU] DeccDtEqtide[/Gyr] EccTimeEqtide[years] EnvTidalQ[] EnvK2[]
Grid Output Order:

----- BODY: g ----
Active Modules: ATMESC EQTIDE
Module Bit Sum: 11
Color: 000000
(Mass) Mass [kg]: 6.856070e+24 
(Obliquity) Obliquity [rad]: 0.000000 
(PrecA) Body's precession angle [rad]: 0.000000 
(Xobl) Body's sin(obl)*cos(pA) []: 0.000000 
(Yobl) Body's sin(obl)*sin(pA) []: 0.000000 
(Zobl) Body's cos(obl) []: 1.000000 
(Radius) Radius [m]: 7.322059e+06 
(RadGyra) Radius of Gyration []: 0.500000 
(RotAngMom) Rotational Angular Momentum [kg*m^2/sec]: 6.682635e+33 
(RotKinEnergy) Body's Rotational Energy [kg*m^2/sec^2]: 2.429875e+29 
(RotVel) Rotational Velocity [m/sec]: 532.475142 
(BodyType) Type of Body (0 == planet) []: 0.000000 
(RotRate) Rotational Frequency [/sec]: 7.272205e-05 
(RotPer) Rotational Period [sec]: 8.640000e+04 
(SurfEnFluxTotal) Total Surface Energy Flux [kg*m^2/sec^2/(m^2*sec)]: 45.900701 
(TidalQ) Tidal Q []: 12.000000 
(ImK2) Im(k_2) []: 0.000833 
(K2) k_2 []: 0.010000 
(K2Man) Real Love Number k2 Mantle []: 0.010000 
(Imk2Man) Imaginary Love Number k2 Mantle []: 0.000833 
(HEcc) Poincare's h (=e*sin(varpi) []: 0.000000 
(HZLimitDryRunaway) Semi-major axis of Dry Runaway HZ Limit [m]: 3.277238e+10 
(Instellation) Orbit-averaged INcident STELLar radiATION [rad]: 3.277238e+10 
(KEcc) Poincare's k (=e*cos(varpi) []: 0.005670 
(Eccentricity) Orbital Eccentricity []: 0.005670 
(OrbEnergy) Body's Total Orbital Energy [kg*m^2/sec^2]: -5.773809e+33 
(MeanMotion) Orbital Mean Motion [/sec]: 5.852380e-06 
(OrbPeriod) Orbital Period [sec]: 1.073612e+06 
(SemiMajorAxis) Semi-major Axis [AU]: 0.046877 
(OrbAngMom) Orbital Angular Momentum [kg*m^2/sec]: 1.973117e+39 
(TotOrbEnergy) System's Total Orbital Energy [kg*m^2/sec^2]: -6.074042e+34 
(OrbPotEnergy) Body's Orbital Potential Energy [kg*m^2/sec^2]: -1.154762e+34 
(LostEnergy) Body's Total Lost Energy [kg*m^2/sec^2]: 0.000000 
----- EQTIDE PARAMETERS (g)------
(TidalRadius) Tidal Radius [m]: 7.322059e+06 
(DsemiDtEqtide) Total da/dt in EQTIDE [m/sec]: 3.305841e-09 
(DeccDtEqtide) Total de/dt in EQTIDE [/Gyr]: 0.000200 
(DMeanMotionDtEqtide) Total dMeanMotion/dt in EQTIDE [/sec^2]: -4.138293e-24 
(DOrbPerDtEqtide) Total dOrbPer/dt in EQTIDE []: 7.591648e-13 
(EccTimeEqtide) Timescale for Eccentricity Evolution (e/[de/dt]) in EQTIDE [years]: 2.831476e+10 
(SemiTimeEqtide) Timescale for Semi-major Axis Evolution (a/[da/dt]) in EQTIDE [sec]: 2.121302e+18 
(DHEccDtEqtide) Time Rate of Change of Poincare's h in EQTIDE [/sec]: 0.000000 
(DKEccDtEqtide) Time Rate of Change of Poincare's k in EQTIDE [/sec]: 6.345504e-21 
(DXoblDtEqtide) Time Rate of Change of Laskar's X in EQTIDE [/sec]: 0.000000 
(DYoblDtEqtide) Time Rate of Change of Laskar's Y in EQTIDE [/sec]: 0.000000 
(DZoblDtEqtide) Time Rate of Change of Laskar's Z in EQTIDE [/sec]: 0.000000 
(LockTime) Time when body tidally locked. [sec]: -1.000000 
(BodyDsemiDtEqtide) Body's Contribution to dSemi/dt in EQTIDE []: -1.000000 
(BodyDeccDt) Body's Contribution to dEcc/dt in EQTIDE []: -1.000000 
(DOblDtEqtide) Time Rate of Change of Obliquity in EQTIDE [rad/sec]: 0.000000 
(DRotPerDtEqtide) Time Rate of Change of Rotation Period in EQTIDE []: 5.979141e-09 
(DRotRateDtEqtide) Time Rate of Change of Rotational Frequency in EQTIDE [/sec^2]: -5.032586e-18 
(EqRotRateDiscrete) CPL2 Discrete Equilibrium Spin Rate [/sec]: 5.852380e-06 
(EqRotPerDiscrete) CPL2 Discrete Equilibrium Spin Period [sec]: 1.073612e+06 
(EqRotRateCont) CPL2 Continuous Equilibrium Spin Rate [/sec]: 5.854168e-06 
(EqRotPerCont) CPL2 Continuous Equilibrium Rotation Period [sec]: 1.073284e+06 
(EqRotPer) Equilibrium Rotation Period [sec]: 1.073612e+06 
(EqRotRate) Equilibrium Rotation Rate [/sec]: 5.852380e-06 
(GammaRot) Gamma_Rotation [cgs]: -1.000000 
(GammaOrb) Gamma_Orbital [cgs]: -1.000000 
(OceanK2) K2_Ocean []: 1.000000 
(EnvTidalQ) Envelope Tidal Q []: 0.010000 
(OceanTidalQ) Ocean Tidal Q []: 30.000000 
(TideLock) Tidally Locked? []: 0.000000 
(RotTimeEqtide) Timescale for Rotational Evolution in EQTIDE [sec]: 1.445024e+13 
(EnvK2) K2_Env []: 0.010000 
(OblTimeEqtide) Timescale for Obliquity Evolution in EQTIDE []: -1.000000 
(PowerEqtide) Internal Power due to Tides in EQTIDE [kg*m^2/sec^3]: 3.092400e+16 
(SurfEnFluxEqtide) Surface Energy Flux due to Tides in EQTIDE [kg*m^2/sec^2/(m^2*sec)]: 45.900701 
Tidal Perturbers: star
----- ATMESC PARAMETERS (g)------
(SurfWaterMass) Surface Water Mass [TO]: 10.000000 
(EnvelopeMass) Envelope Mass [Earth]: 0.000000 
(OxygenMass) Oxygen Mass [bars]: 0.000000 
(RGLimit) Runaway Greenhouse Semi-Major Axis [m]: 3.754809e+10 
(XO) Atomic Oxygen Mixing Ratio in Upper Atmosphere []: 0.333333 
(EtaO) Oxygen Eta Parameter (Luger and Barnes 2015) []: 0.593667 
(PlanetRadius) Planet Radius [m]: 7.322059e+06 
(OxygenMantleMass) Mass of Oxygen in Mantle [kg]: 0.000000 
(RadXUV) XUV Radius separating hydro. dyn. escpape and equilibrium [m]: -1.000000 
(RadSolid) Radius to the solid surface [m]: -1.000000 
(PresXUV) Pressure at base of Thermosphere []: 5.000000 
(ScaleHeight) Scaling factor in fdLehmerRadius [J s^2 / kg m]: -1.000000 
(ThermTemp) Isothermal Atmospheric Temperature []: 880.000000 
(AtmGasConst) Atmospheric Gas Constant []: 4124.000000 
(PresSurf) Surface Pressure due to Atmosphere []: -1.000000 
(DEnvMassDt) Envelope Mass Loss Rate []: -1.000000 
(FXUV) XUV Flux [W/m^2]: 29.002669 
(AtmXAbsEffH2O) XUV Atmospheric Escape Efficiency for H2O []: 0.020824 
(RGDuration) Runaway Greenhouse Duration [years]: 0.00000e+00
Output Order: Time[year] SurfWaterMass[TO] OxygenMass[bars] EnvelopeMass[Earth] ScaleHeight[J s^2 / kg m] SemiMajorAxis[AU] DeccDtEqtide[/Gyr] EccTimeEqtide[years] EnvTidalQ[] EnvK2[]
Grid Output Order:

----- BODY: h ----
Active Modules: ATMESC EQTIDE
Module Bit Sum: 11
Color: 000000
(Mass) Mass [kg]: 1.976794e+24 
(Obliquity) Obliquity [rad]: 0.000000 
(PrecA) Body's precession angle [rad]: 0.000000 
(Xobl) Body's sin(obl)*cos(pA) []: 0.000000 
(Yobl) Body's sin(obl)*sin(pA) []: 0.000000 
(Zobl) Body's cos(obl) []: 1.000000 
(Radius) Radius [m]: 4.930271e+06 
(RadGyra) Radius of Gyration []: 0.500000 
(RotAngMom) Rotational Angular Momentum [kg*m^2/sec]: 8.735929e+32 
(RotKinEnergy) Body's Rotational Energy [kg*m^2/sec^2]: 3.176473e+28 
(RotVel) Rotational Velocity [m/sec]: 358.539447 
(BodyType) Type of Body (0 == planet) []: 0.000000 
(RotRate) Rotational Frequency [/sec]: 7.272205e-05 
(RotPer) Rotational Period [sec]: 8.640000e+04 
(SurfEnFluxTotal) Total Surface Energy Flux [kg*m^2/sec^2/(m^2*sec)]: 2.713116 
(TidalQ) Tidal Q []: 12.000000 
(ImK2) Im(k_2) []: 0.000833 
(K2) k_2 []: 0.010000 
(K2Man) Real Love Number k2 Mantle []: 0.010000 
(Imk2Man) Imaginary Love Number k2 Mantle []: 0.000833 
(HEcc) Poincare's h (=e*sin(varpi) []: 0.000000 
(HZLimitDryRunaway) Semi-major axis of Dry Runaway HZ Limit [m]: 3.277238e+10 
(Instellation) Orbit-averaged INcident STELLar radiATION [rad]: 3.277238e+10 
(KEcc) Poincare's k (=e*cos(varpi) []: 0.005670 
(Eccentricity) Orbital Eccentricity []: 0.005670 
(OrbEnergy) Body's Total Orbital Energy [kg*m^2/sec^2]: -1.260005e+33 
(MeanMotion) Orbital Mean Motion [/sec]: 3.853561e-06 
(OrbPeriod) Orbital Period [sec]: 1.630488e+06 
(SemiMajorAxis) Semi-major Axis [AU]: 0.061935 
(OrbAngMom) Orbital Angular Momentum [kg*m^2/sec]: 6.539328e+38 
(TotOrbEnergy) System's Total Orbital Energy [kg*m^2/sec^2]: -6.074042e+34 
(OrbPotEnergy) Body's Orbital Potential Energy [kg*m^2/sec^2]: -2.520010e+33 
(LostEnergy) Body's Total Lost Energy [kg*m^2/sec^2]: 0.000000 
----- EQTIDE PARAMETERS (h)------
(TidalRadius) Tidal Radius [m]: 4.930271e+06 
(DsemiDtEqtide) Total da/dt in EQTIDE [m/sec]: 3.421835e-10 
(DeccDtEqtide) Total de/dt in EQTIDE [/Gyr]: 1.568813e-05 
(DMeanMotionDtEqtide) Total dMeanMotion/dt in EQTIDE [/sec^2]: -2.134774e-25 
(DOrbPerDtEqtide) Total dOrbPer/dt in EQTIDE []: 9.032486e-14 
(EccTimeEqtide) Timescale for Eccentricity Evolution (e/[de/dt]) in EQTIDE [years]: 3.614199e+11 
(SemiTimeEqtide) Timescale for Semi-major Axis Evolution (a/[da/dt]) in EQTIDE [sec]: 2.707707e+19 
(DHEccDtEqtide) Time Rate of Change of Poincare's h in EQTIDE [/sec]: 0.000000 
(DKEccDtEqtide) Time Rate of Change of Poincare's k in EQTIDE [/sec]: 4.971267e-22 
(DXoblDtEqtide) Time Rate of Change of Laskar's X in EQTIDE [/sec]: 0.000000 
(DYoblDtEqtide) Time Rate of Change of Laskar's Y in EQTIDE [/sec]: 0.000000 
(DZoblDtEqtide) Time Rate of Change of Laskar's Z in EQTIDE [/sec]: 0.000000 
(LockTime) Time when body tidally locked. [sec]: -1.000000 
(BodyDsemiDtEqtide) Body's Contribution to dSemi/dt in EQTIDE []: -1.000000 
(BodyDeccDt) Body's Contribution to dEcc/dt in EQTIDE []: -1.000000 
(DOblDtEqtide) Time Rate of Change of Obliquity in EQTIDE [rad/sec]: 0.000000 
(DRotPerDtEqtide) Time Rate of Change of Rotation Period in EQTIDE []: 1.190168e-09 
(DRotRateDtEqtide) Time Rate of Change of Rotational Frequency in EQTIDE [/sec^2]: -1.001753e-18 
(EqRotRateDiscrete) CPL2 Discrete Equilibrium Spin Rate [/sec]: 3.853561e-06 
(EqRotPerDiscrete) CPL2 Discrete Equilibrium Spin Period [sec]: 1.630488e+06 
(EqRotRateCont) CPL2 Continuous Equilibrium Spin Rate [/sec]: 3.854738e-06 
(EqRotPerCont) CPL2 Continuous Equilibrium Rotation Period [sec]: 1.629990e+06 
(EqRotPer) Equilibrium Rotation Period [sec]: 1.630488e+06 
(EqRotRate) Equilibrium Rotation Rate [/sec]: 3.853561e-06 
(GammaRot) Gamma_Rotation [cgs]: -1.000000 
(GammaOrb) Gamma_Orbital [cgs]: -1.000000 
(OceanK2) K2_Ocean []: 1.000000 
(EnvTidalQ) Envelope Tidal Q []: 0.010000 
(OceanTidalQ) Ocean Tidal Q []: 30.000000 
(TideLock) Tidally Locked? []: 0.000000 
(RotTimeEqtide) Timescale for Rotational Evolution in EQTIDE [sec]: 7.259482e+13 
(EnvK2) K2_Env []: 0.010000 
(OblTimeEqtide) Timescale for Obliquity Evolution in EQTIDE []: -1.000000 
(PowerEqtide) Internal Power due to Tides in EQTIDE [kg*m^2/sec^3]: 8.287431e+14 
(SurfEnFluxEqtide) Surface Energy Flux due to Tides in EQTIDE [kg*m^2/sec^2/(m^2*sec)]: 2.713116 
Tidal Perturbers: star
----- ATMESC PARAMETERS (h)------
(SurfWaterMass) Surface Water Mass [TO]: 10.000000 
(EnvelopeMass) Envelope Mass [Earth]: 0.000000 
(OxygenMass) Oxygen Mass [bars]: 0.000000 
(RGLimit) Runaway Greenhouse Semi-Major Axis [m]: 3.869880e+10 
(XO) Atomic Oxygen Mixing Ratio in Upper Atmosphere []: 0.333333 
(EtaO) Oxygen Eta Parameter (Luger and Barnes 2015) []: 0.804283 
(PlanetRadius) Planet Radius [m]: 4.930271e+06 
(OxygenMantleMass) Mass of Oxygen in Mantle [kg]: 0.000000 
(RadXUV) XUV Radius separating hydro. dyn. escpape and equilibrium [m]: -1.000000 
(RadSolid) Radius to the solid surface [m]: -1.000000 
(PresXUV) Pressure at base of Thermosphere []: 5.000000 
(ScaleHeight) Scaling factor in fdLehmerRadius [J s^2 / kg m]: -1.000000 
(ThermTemp) Isothermal Atmospheric Temperature []: 880.000000 
(AtmGasConst) Atmospheric Gas Constant []: 4124.000000 
(PresSurf) Surface Pressure due to Atmosphere []: -1.000000 
(DEnvMassDt) Envelope Mass Loss Rate []: -1.000000 
(FXUV) XUV Flux [W/m^2]: 16.614432 
(AtmXAbsEffH2O) XUV Atmospheric Escape Efficiency for H2O []: 0.027008 
(RGDuration) Runaway Greenhouse Duration [years]: 0.00000e+00
Output Order: Time[year] SurfWaterMass[TO] OxygenMass[bars] EnvelopeMass[Earth] ScaleHeight[J s^2 / kg m] SemiMajorAxis[AU] DeccDtEqtide[/Gyr] EccTimeEqtide[years] EnvTidalQ[] EnvK2[]
Grid Output Order:



---- FINAL SYSTEM PROPERTIES ----
(Age) System Age [sec]: 1.578196e+17 
(Time) Simulation Time [sec]: 1.577880e+17 
(TotAngMom) Total Angular Momentum [kg*m^2/sec]: 1.128356e+42 
(TotEnergy) Total System Energy [kg*m^2/sec^2]: -1.849729e+39 
(PotEnergy) Body's non-orbital Potential Energy [kg*m^2/sec^2]: -1.613973e+40 
(KinEnergy) Body's non-orbital Kinetic Energy [kg*m^2/sec^2]: 5.122438e+33 
(DeltaTime) Average Timestep Over Last Output Interval [sec]: 3.131177e+05 
(Density) Average Density [kg/m^3]: 1.579881e+06 
(LongP) Body's Longitude of pericenter [rad]: 0.000000 
(LXUVTot) Total XUV Luminosity [LSUN]: 5.783078e-08 

----- BODY: star ----
Active Modules: EQTIDE STELLAR
Module Bit Sum: 67
Color: 000000
(Mass) Mass [kg]: 1.769690e+29 
(Obliquity) Obliquity [rad]: 0.000000 
(PrecA) Body's precession angle [rad]: 0.000000 
(Xobl) Body's sin(obl)*cos(pA) []: 0.000000 
(Yobl) Body's sin(obl)*sin(pA) []: 0.000000 
(Zobl) Body's cos(obl) []: 1.000000 
(Radius) Radius [m]: 7.770586e+07 
(RadGyra) Radius of Gyration []: 0.465039 
(RotAngMom) Rotational Angular Momentum [kg*m^2/sec]: 1.538668e+39 
(RotKinEnergy) Body's Rotational Energy [kg*m^2/sec^2]: 5.122438e+33 
(RotVel) Rotational Velocity [m/sec]: 517.386927 
(BodyType) Type of Body (0 == planet) []: 0.000000 
(RotRate) Rotational Frequency [/sec]: 6.658274e-06 
(RotPer) Rotational Period [sec]: 9.436658e+05 
(SurfEnFluxTotal) Total Surface Energy Flux [kg*m^2/sec^2/(m^2*sec)]: 0.000119 
(TidalQ) Tidal Q []: 1.000000e+06 
(ImK2) Im(k_2) []: 5.000000e-07 
(K2) k_2 []: 0.500000 
(K2Man) Real Love Number k2 Mantle []: 0.500000 
(Imk2Man) Imaginary Love Number k2 Mantle []: 5.000000e-07 
(HEcc) Poincare's h (=e*sin(varpi) []: 0.000000 
(HZLimitDryRunaway) Semi-major axis of Dry Runaway HZ Limit [m]: -1.000000 
(Instellation) Orbit-averaged INcident STELLar radiATION [rad]: -1.000000 
(KEcc) Poincare's k (=e*cos(varpi) []: 0.000000 
(Eccentricity) Orbital Eccentricity []: -1.000000 
(OrbEnergy) Body's Total Orbital Energy [kg*m^2/sec^2]: 0.000000 
(MeanMotion) Orbital Mean Motion [/sec]: -1.000000 
(OrbPeriod) Orbital Period [sec]: -1.000000 
(SemiMajorAxis) Semi-major Axis [m]: -1.000000 
(OrbAngMom) Orbital Angular Momentum [kg*m^2/sec]: 0.000000 
(TotOrbEnergy) System's Total Orbital Energy [kg*m^2/sec^2]: -6.075480e+34 
(OrbPotEnergy) Body's Orbital Potential Energy [kg*m^2/sec^2]: -1.000000 
(LostEnergy) Body's Total Lost Energy [kg*m^2/sec^2]: 1.428999e+40 
(LostAngMom) Lost Angular Momentum due to Magnetic Braking [kg*m^2/sec]: 1.119363e+42 
----- EQTIDE PARAMETERS (star)------
(LockTime) Time when body tidally locked. [sec]: -1.000000 
(BodyDsemiDtEqtide) Body's Contribution to dSemi/dt in EQTIDE []: -1.000000 
(BodyDeccDt) Body's Contribution to dEcc/dt in EQTIDE []: -1.000000 
(DOblDtEqtide) Time Rate of Change of Obliquity in EQTIDE [rad/sec]: 0.000000 
(DRotPerDtEqtide) Time Rate of Change of Rotation Period in EQTIDE []: -1.455478e-16 
(DRotRateDtEqtide) Time Rate of Change of Rotational Frequency in EQTIDE [/sec^2]: 1.026949e-27 
(EqRotRateDiscrete) CPL2 Discrete Equilibrium Spin Rate [/sec]: 4.791358e-05 
(EqRotPerDiscrete) CPL2 Discrete Equilibrium Spin Period [sec]: 1.311358e+05 
(EqRotRateCont) CPL2 Continuous Equilibrium Spin Rate [/sec]: 4.791358e-05 
(EqRotPerCont) CPL2 Continuous Equilibrium Rotation Period [sec]: 1.311358e+05 
(EqRotPer) Equilibrium Rotation Period [sec]: 1.311358e+05 
(EqRotRate) Equilibrium Rotation Rate [/sec]: 4.791358e-05 
(GammaRot) Gamma_Rotation [cgs]: -1.000000 
(GammaOrb) Gamma_Orbital [cgs]: -1.000000 
(OceanK2) K2_Ocean []: 1.000000 
(EnvTidalQ) Envelope Tidal Q []: 0.010000 
(OceanTidalQ) Ocean Tidal Q []: 30.000000 
(TideLock) Tidally Locked? []: 0.000000 
(RotTimeEqtide) Timescale for Rotational Evolution in EQTIDE [sec]: 7.768259e+21 
(EnvK2) K2_Env []: 0.010000 
(OblTimeEqtide) Timescale for Obliquity Evolution in EQTIDE []: -1.000000 
(PowerEqtide) Internal Power due to Tides in EQTIDE [kg*m^2/sec^3]: 9.056687e+12 
(SurfEnFluxEqtide) Surface Energy Flux due to Tides in EQTIDE [kg*m^2/sec^2/(m^2*sec)]: 0.000119 
Tidal Perturbers: b, c, d, e, f, g, h
----- STELLAR PARAMETERS (star)------
(Luminosity) Luminosity [LSUN]: 0.000523 
(LXUVStellar) Base X-ray/XUV Luminosity [kg*m^2/sec^3]: 2.224172e+19 
(Temperature) Effective Temperature [K]: 2618.767999 
(LXUVFrac) X-ray/XUV Luminosity Fraction []: 0.000110 
(RossbyNumber) Rossby Number []: 0.132900 
(DRotPerDtStellar) Time Rate of Change of Rotation Period in STELLAR []: 1.933816e-11 
(HZLimRecVenus) Recent Venus Habitable Zone Limit [m]: 2.811123e+09 
(HZLimRunaway) Runaway Greenhouse Habitable Zone Limit [m]: 3.693196e+09 
(HZLimMoistGreenhouse) Moist Greenhouse Habitable Zone Limit [m]: 3.719589e+09 
(HZLimMaxGreenhouse) Maximum Greenhouse Habitable Zone Limit [m]: 7.230116e+09 
(HZLimEarlyMars) Early Mars Habitable Zone Limit [m]: 7.885445e+09 
Output Order: Time[year] Luminosity[LSUN] LXUVTot[LSUN] Temperature[K] HZLimRecVenus[AU] HZLimRunaway[AU] HZLimMaxGreenhouse[AU] HZLimEarlyMars[AU]
Grid Output Order:

----- BODY: b ----
Active Modules: ATMESC EQTIDE
Module Bit Sum: 11
Color: 000000
(Mass) Mass [kg]: 6.073713e+24 
(Obliquity) Obliquity [rad]: 0.000000 
(PrecA) Body's precession angle [rad]: 0.000000 
(Xobl) Body's sin(obl)*cos(pA) []: 0.000000 
(Yobl) Body's sin(obl)*sin(pA) []: 0.000000 
(Zobl) Body's cos(obl) []: 1.000000 
(Radius) Radius [m]: 7.149850e+06 
(RadGyra) Radius of Gyration []: 0.500000 
(RotAngMom) Rotational Angular Momentum [kg*m^2/sec]: 3.719179e+33 
(RotKinEnergy) Body's Rotational Energy [kg*m^2/sec^2]: 8.909965e+28 
(RotVel) Rotational Velocity [m/sec]: 342.575156 
(BodyType) Type of Body (0 == planet) []: 0.000000 
(RotRate) Rotational Frequency [/sec]: 4.791361e-05 
(RotPer) Rotational Period [sec]: 1.311357e+05 
(SurfEnFluxTotal) Total Surface Energy Flux [kg*m^2/sec^2/(m^2*sec)]: 0.000000 
(TidalQ) Tidal Q []: 300.000000 
(ImK2) Im(k_2) []: 3.333333e-05 
(K2) k_2 []: 0.010000 
(K2Man) Real Love Number k2 Mantle []: 0.010000 
(Imk2Man) Imaginary Love Number k2 Mantle []: 0.000833 
(HEcc) Poincare's h (=e*sin(varpi) []: 0.000000 
(HZLimitDryRunaway) Semi-major axis of Dry Runaway HZ Limit [m]: 3.106706e+09 
(Instellation) Orbit-averaged INcident STELLar radiATION [rad]: 3.106706e+09 
(KEcc) Poincare's k (=e*cos(varpi) []: 0.000000 
(Eccentricity) Orbital Eccentricity []: 0.000000 
(OrbEnergy) Body's Total Orbital Energy [kg*m^2/sec^2]: -2.077748e+34 
(MeanMotion) Orbital Mean Motion [/sec]: 4.791358e-05 
(OrbPeriod) Orbital Period [sec]: 1.311358e+05 
(SemiMajorAxis) Semi-major Axis [AU]: 0.011540 
(OrbAngMom) Orbital Angular Momentum [kg*m^2/sec]: 8.672898e+38 
(TotOrbEnergy) System's Total Orbital Energy [kg*m^2/sec^2]: -6.075480e+34 
(OrbPotEnergy) Body's Orbital Potential Energy [kg*m^2/sec^2]: -4.155496e+34 
(LostEnergy) Body's Total Lost Energy [kg*m^2/sec^2]: 6.634684e+34 
----- EQTIDE PARAMETERS (b)------
(TidalRadius) Tidal Radius [m]: 7.149850e+06 
(DsemiDtEqtide) Total da/dt in EQTIDE [m/sec]: -7.867621e-13 
(DeccDtEqtide) Total de/dt in EQTIDE [/Gyr]: -0.000000 
(DMeanMotionDtEqtide) Total dMeanMotion/dt in EQTIDE [/sec^2]: 3.275369e-26 
(DOrbPerDtEqtide) Total dOrbPer/dt in EQTIDE []: -8.964433e-17 
(EccTimeEqtide) Timescale for Eccentricity Evolution (e/[de/dt]) in EQTIDE [years]: 0.000000 
(SemiTimeEqtide) Timescale for Semi-major Axis Evolution (a/[da/dt]) in EQTIDE [sec]: 2.194268e+21 
(DHEccDtEqtide) Time Rate of Change of Poincare's h in EQTIDE [/sec]: -0.000000 
(DKEccDtEqtide) Time Rate of Change of Poincare's k in EQTIDE [/sec]: -0.000000 
(DXoblDtEqtide) Time Rate of Change of Laskar's X in EQTIDE [/sec]: 0.000000 
(DYoblDtEqtide) Time Rate of Change of Laskar's Y in EQTIDE [/sec]: 0.000000 
(DZoblDtEqtide) Time Rate of Change of Laskar's Z in EQTIDE [/sec]: 0.000000 
(LockTime) Time when body tidally locked. [sec]: -1.000000 
(BodyDsemiDtEqtide) Body's Contribution to dSemi/dt in EQTIDE []: -1.000000 
(BodyDeccDt) Body's Contribution to dEcc/dt in EQTIDE []: -1.000000 
(DOblDtEqtide) Time Rate of Change of Obliquity in EQTIDE [rad/sec]: 0.000000 
(DRotPerDtEqtide) Time Rate of Change of Rotation Period in EQTIDE []: -0.000000 
(DRotRateDtEqtide) Time Rate of Change of Rotational Frequency in EQTIDE [/sec^2]: 0.000000 
(EqRotRateDiscrete) CPL2 Discrete Equilibrium Spin Rate [/sec]: 4.791358e-05 
(EqRotPerDiscrete) CPL2 Discrete Equilibrium Spin Period [sec]: 1.311358e+05 
(EqRotRateCont) CPL2 Continuous Equilibrium Spin Rate [/sec]: 4.791358e-05 
(EqRotPerCont) CPL2 Continuous Equilibrium Rotation Period [sec]: 1.311358e+05 
(EqRotPer) Equilibrium Rotation Period [sec]: 1.311358e+05 
(EqRotRate) Equilibrium Rotation Rate [/sec]: 4.791358e-05 
(GammaRot) Gamma_Rotation [cgs]: -1.000000 
(GammaOrb) Gamma_Orbital [cgs]: -1.000000 
(OceanK2) K2_Ocean []: 1.000000 
(EnvTidalQ) Envelope Tidal Q []: 0.010000 
(OceanTidalQ) Ocean Tidal Q []: 30.000000 
(TideLock) Tidally Locked? []: 0.000000 
(RotTimeEqtide) Timescale for Rotational Evolution in EQTIDE [sec]: inf 
(EnvK2) K2_Env []: 0.010000 
(OblTimeEqtide) Timescale for Obliquity Evolution in EQTIDE []: -1.000000 
(PowerEqtide) Internal Power due to Tides in EQTIDE [kg*m^2/sec^3]: 0.000000 
(SurfEnFluxEqtide) Surface Energy Flux due to Tides in EQTIDE [kg*m^2/sec^2/(m^2*sec)]: 0.000000 
Tidal Perturbers: star
----- ATMESC PARAMETERS (b)------
(SurfWaterMass) Surface Water Mass [TO]: 0.000000 
(EnvelopeMass) Envelope Mass [Earth]: 0.000000 
(OxygenMass) Oxygen Mass [bars]: 354.572913 
(RGLimit) Runaway Greenhouse Semi-Major Axis [m]: 3.582911e+09 
(XO) Atomic Oxygen Mixing Ratio in Upper Atmosphere []: 1.000000 
(EtaO) Oxygen Eta Parameter (Luger and Barnes 2015) []: 0.000000 
(PlanetRadius) Planet Radius [m]: 7.149850e+06 
(OxygenMantleMass) Mass of Oxygen in Mantle [kg]: 0.000000 
(RadXUV) XUV Radius separating hydro. dyn. escpape and equilibrium [m]: -1.000000 
(RadSolid) Radius to the solid surface [m]: -1.000000 
(PresXUV) Pressure at base of Thermosphere []: 5.000000 
(ScaleHeight) Scaling factor in fdLehmerRadius [J s^2 / kg m]: -1.000000 
(ThermTemp) Isothermal Atmospheric Temperature []: 880.000000 
(AtmGasConst) Atmospheric Gas Constant []: 4124.000000 
(PresSurf) Surface Pressure due to Atmosphere []: -1.000000 
(DEnvMassDt) Envelope Mass Loss Rate []: -1.000000 
(FXUV) XUV Flux [W/m^2]: 0.593871 
(AtmXAbsEffH2O) XUV Atmospheric Escape Efficiency for H2O []: 0.080934 
(RGDuration) Runaway Greenhouse Duration [years]: 0.00000e+00
Output Order: Time[year] SurfWaterMass[TO] OxygenMass[bars] EnvelopeMass[Earth] ScaleHeight[J s^2 / kg m] SemiMajorAxis[AU] DeccDtEqtide[/Gyr] EccTimeEqtide[years] EnvTidalQ[] EnvK2[]
Grid Output Order:

----- BODY: c ----
Active Modules: ATMESC EQTIDE
Module Bit Sum: 11
Color: 000000
(Mass) Mass [kg]: 6.903847e+24 
(Obliquity) Obliquity [rad]: 0.000000 
(PrecA) Body's precession angle [rad]: 0.000000 
(Xobl) Body's sin(obl)*cos(pA) []: 0.000000 
(Yobl) Body's sin(obl)*sin(pA) []: 0.000000 
(Zobl) Body's cos(obl) []: 1.000000 
(Radius) Radius [m]: 6.984020e+06 
(RadGyra) Radius of Gyration []: 0.500000 
(RotAngMom) Rotational Angular Momentum [kg*m^2/sec]: 2.514167e+33 
(RotKinEnergy) Body's Rotational Energy [kg*m^2/sec^2]: 3.754191e+28 
(RotVel) Rotational Velocity [m/sec]: 208.572762 
(BodyType) Type of Body (0 == planet) []: 0.000000 
(RotRate) Rotational Frequency [/sec]: 2.986429e-05 
(RotPer) Rotational Period [sec]: 2.103913e+05 
(SurfEnFluxTotal) Total Surface Energy Flux [kg*m^2/sec^2/(m^2*sec)]: 0.000000 
(TidalQ) Tidal Q []: 12.000000 
(ImK2) Im(k_2) []: 0.000833 
(K2) k_2 []: 0.010000 
(K2Man) Real Love Number k2 Mantle []: 0.010000 
(Imk2Man) Imaginary Love Number k2 Mantle []: 0.000833 
(HEcc) Poincare's h (=e*sin(varpi) []: 0.000000 
(HZLimitDryRunaway) Semi-major axis of Dry Runaway HZ Limit [m]: 3.106706e+09 
(Instellation) Orbit-averaged INcident STELLar radiATION [rad]: 3.106706e+09 
(KEcc) Poincare's k (=e*cos(varpi) []: 0.000000 
(Eccentricity) Orbital Eccentricity []: 0.000000 
(OrbEnergy) Body's Total Orbital Energy [kg*m^2/sec^2]: -1.723288e+34 
(MeanMotion) Orbital Mean Motion [/sec]: 2.986426e-05 
(OrbPeriod) Orbital Period [sec]: 2.103914e+05 
(SemiMajorAxis) Semi-major Axis [AU]: 0.015815 
(OrbAngMom) Orbital Angular Momentum [kg*m^2/sec]: 1.154080e+39 
(TotOrbEnergy) System's Total Orbital Energy [kg*m^2/sec^2]: -6.075480e+34 
(OrbPotEnergy) Body's Orbital Potential Energy [kg*m^2/sec^2]: -3.446576e+34 
(LostEnergy) Body's Total Lost Energy [kg*m^2/sec^2]: 6.862375e+33 
----- EQTIDE PARAMETERS (c)------
(TidalRadius) Tidal Radius [m]: 6.984020e+06 
(DsemiDtEqtide) Total da/dt in EQTIDE [m/sec]: -1.580105e-13 
(DeccDtEqtide) Total de/dt in EQTIDE [/Gyr]: -0.000000 
(DMeanMotionDtEqtide) Total dMeanMotion/dt in EQTIDE [/sec^2]: 2.991740e-27 
(DOrbPerDtEqtide) Total dOrbPer/dt in EQTIDE []: -2.107658e-17 
(EccTimeEqtide) Timescale for Eccentricity Evolution (e/[de/dt]) in EQTIDE [years]: 0.000000 
(SemiTimeEqtide) Timescale for Semi-major Axis Evolution (a/[da/dt]) in EQTIDE [sec]: 1.497336e+22 
(DHEccDtEqtide) Time Rate of Change of Poincare's h in EQTIDE [/sec]: -0.000000 
(DKEccDtEqtide) Time Rate of Change of Poincare's k in EQTIDE [/sec]: -0.000000 
(DXoblDtEqtide) Time Rate of Change of Laskar's X in EQTIDE [/sec]: 0.000000 
(DYoblDtEqtide) Time Rate of Change of Laskar's Y in EQTIDE [/sec]: 0.000000 
(DZoblDtEqtide) Time Rate of Change of Laskar's Z in EQTIDE [/sec]: 0.000000 
(LockTime) Time when body tidally locked. [sec]: -1.000000 
(BodyDsemiDtEqtide) Body's Contribution to dSemi/dt in EQTIDE []: -1.000000 
(BodyDeccDt) Body's Contribution to dEcc/dt in EQTIDE []: -1.000000 
(DOblDtEqtide) Time Rate of Change of Obliquity in EQTIDE [rad/sec]: 0.000000 
(DRotPerDtEqtide) Time Rate of Change of Rotation Period in EQTIDE []: -0.000000 
(DRotRateDtEqtide) Time Rate of Change of Rotational Frequency in EQTIDE [/sec^2]: 0.000000 
(EqRotRateDiscrete) CPL2 Discrete Equilibrium Spin Rate [/sec]: 2.986426e-05 
(EqRotPerDiscrete) CPL2 Discrete Equilibrium Spin Period [sec]: 2.103914e+05 
(EqRotRateCont) CPL2 Continuous Equilibrium Spin Rate [/sec]: 2.986426e-05 
(EqRotPerCont) CPL2 Continuous Equilibrium Rotation Period [sec]: 2.103914e+05 
(EqRotPer) Equilibrium Rotation Period [sec]: 2.103914e+05 
(EqRotRate) Equilibrium Rotation Rate [/sec]: 2.986426e-05 
(GammaRot) Gamma_Rotation [cgs]: -1.000000 
(GammaOrb) Gamma_Orbital [cgs]: -1.000000 
(OceanK2) K2_Ocean []: 1.000000 
(EnvTidalQ) Envelope Tidal Q []: 0.010000 
(OceanTidalQ) Ocean Tidal Q []: 30.000000 
(TideLock) Tidally Locked? []: 0.000000 
(RotTimeEqtide) Timescale for Rotational Evolution in EQTIDE [sec]: inf 
(EnvK2) K2_Env []: 0.010000 
(OblTimeEqtide) Timescale for Obliquity Evolution in EQTIDE []: -1.000000 
(PowerEqtide) Internal Power due to Tides in EQTIDE [kg*m^2/sec^3]: 0.000000 
(SurfEnFluxEqtide) Surface Energy Flux due to Tides in EQTIDE [kg*m^2/sec^2/(m^2*sec)]: 0.000000 
Tidal Perturbers: star
----- ATMESC PARAMETERS (c)------
(SurfWaterMass) Surface Water Mass [TO]: 6.249920e-05 
(EnvelopeMass) Envelope Mass [Earth]: 0.000000 
(OxygenMass) Oxygen Mass [bars]: 1022.940553 
(RGLimit) Runaway Greenhouse Semi-Major Axis [m]: 3.572054e+09 
(XO) Atomic Oxygen Mixing Ratio in Upper Atmosphere []: 0.999977 
(EtaO) Oxygen Eta Parameter (Luger and Barnes 2015) []: 0.000000 
(PlanetRadius) Planet Radius [m]: 6.984020e+06 
(OxygenMantleMass) Mass of Oxygen in Mantle [kg]: 0.000000 
(RadXUV) XUV Radius separating hydro. dyn. escpape and equilibrium [m]: -1.000000 
(RadSolid) Radius to the solid surface [m]: -1.000000 
(PresXUV) Pressure at base of Thermosphere []: 5.000000 
(ScaleHeight) Scaling factor in fdLehmerRadius [J s^2 / kg m]: -1.000000 
(ThermTemp) Isothermal Atmospheric Temperature []: 880.000000 
(AtmGasConst) Atmospheric Gas Constant []: 4124.000000 
(PresSurf) Surface Pressure due to Atmosphere []: -1.000000 
(DEnvMassDt) Envelope Mass Loss Rate []: -1.000000 
(FXUV) XUV Flux [W/m^2]: 0.316190 
(AtmXAbsEffH2O) XUV Atmospheric Escape Efficiency for H2O []: 0.092070 
(RGDuration) Runaway Greenhouse Duration [years]: 0.00000e+00
Output Order: Time[year] SurfWaterMass[TO] OxygenMass[bars] EnvelopeMass[Earth] ScaleHeight[J s^2 / kg m] SemiMajorAxis[AU] DeccDtEqtide[/Gyr] EccTimeEqtide[years] EnvTidalQ[] EnvK2[]
Grid Output Order:

----- BODY: d ----
Active Modules: ATMESC EQTIDE
Module Bit Sum: 11
Color: 000000
(Mass) Mass [kg]: 1.773739e+24 
(Obliquity) Obliquity [rad]: 0.000000 
(PrecA) Body's precession angle [rad]: 0.000000 
(Xobl) Body's sin(obl)*cos(pA) []: 0.000000 
(Yobl) Body's sin(obl)*sin(pA) []: 0.000000 
(Zobl) Body's cos(obl) []: 1.000000 
(Radius) Radius [m]: 5.000430e+06 
(RadGyra) Radius of Gyration []: 0.500000 
(RotAngMom) Rotational Angular Momentum [kg*m^2/sec]: 1.980462e+32 
(RotKinEnergy) Body's Rotational Energy [kg*m^2/sec^2]: 1.768717e+27 
(RotVel) Rotational Velocity [m/sec]: 89.316002 
(BodyType) Type of Body (0 == planet) []: 0.000000 
(RotRate) Rotational Frequency [/sec]: 1.786166e-05 
(RotPer) Rotational Period [sec]: 3.517693e+05 
(SurfEnFluxTotal) Total Surface Energy Flux [kg*m^2/sec^2/(m^2*sec)]: 0.000000 
(TidalQ) Tidal Q []: 12.000000 
(ImK2) Im(k_2) []: 0.000833 
(K2) k_2 []: 0.010000 
(K2Man) Real Love Number k2 Mantle []: 0.010000 
(Imk2Man) Imaginary Love Number k2 Mantle []: 0.000833 
(HEcc) Poincare's h (=e*sin(varpi) []: 0.000000 
(HZLimitDryRunaway) Semi-major axis of Dry Runaway HZ Limit [m]: 3.106706e+09 
(Instellation) Orbit-averaged INcident STELLar radiATION [rad]: 3.106706e+09 
(KEcc) Poincare's k (=e*cos(varpi) []: 0.000000 
(Eccentricity) Orbital Eccentricity []: 0.000000 
(OrbEnergy) Body's Total Orbital Energy [kg*m^2/sec^2]: -3.142968e+33 
(MeanMotion) Orbital Mean Motion [/sec]: 1.786162e-05 
(OrbPeriod) Orbital Period [sec]: 3.517703e+05 
(SemiMajorAxis) Semi-major Axis [AU]: 0.022279 
(OrbAngMom) Orbital Angular Momentum [kg*m^2/sec]: 3.519243e+38 
(TotOrbEnergy) System's Total Orbital Energy [kg*m^2/sec^2]: -6.075480e+34 
(OrbPotEnergy) Body's Orbital Potential Energy [kg*m^2/sec^2]: -6.285936e+33 
(LostEnergy) Body's Total Lost Energy [kg*m^2/sec^2]: 4.982419e+32 
----- EQTIDE PARAMETERS (d)------
(TidalRadius) Tidal Radius [m]: 5.000430e+06 
(DsemiDtEqtide) Total da/dt in EQTIDE [m/sec]: -6.165771e-15 
(DeccDtEqtide) Total de/dt in EQTIDE [/Gyr]: -0.000000 
(DMeanMotionDtEqtide) Total dMeanMotion/dt in EQTIDE [/sec^2]: 4.956531e-29 
(DOrbPerDtEqtide) Total dOrbPer/dt in EQTIDE []: -9.761493e-19 
(EccTimeEqtide) Timescale for Eccentricity Evolution (e/[de/dt]) in EQTIDE [years]: 0.000000 
(SemiTimeEqtide) Timescale for Semi-major Axis Evolution (a/[da/dt]) in EQTIDE [sec]: 5.405479e+23 
(DHEccDtEqtide) Time Rate of Change of Poincare's h in EQTIDE [/sec]: -0.000000 
(DKEccDtEqtide) Time Rate of Change of Poincare's k in EQTIDE [/sec]: -0.000000 
(DXoblDtEqtide) Time Rate of Change of Laskar's X in EQTIDE [/sec]: 0.000000 
(DYoblDtEqtide) Time Rate of Change of Laskar's Y in EQTIDE [/sec]: 0.000000 
(DZoblDtEqtide) Time Rate of Change of Laskar's Z in EQTIDE [/sec]: 0.000000 
(LockTime) Time when body tidally locked. [sec]: -1.000000 
(BodyDsemiDtEqtide) Body's Contribution to dSemi/dt in EQTIDE []: -1.000000 
(BodyDeccDt) Body's Contribution to dEcc/dt in EQTIDE []: -1.000000 
(DOblDtEqtide) Time Rate of Change of Obliquity in EQTIDE [rad/sec]: 0.000000 
(DRotPerDtEqtide) Time Rate of Change of Rotation Period in EQTIDE []: -0.000000 
(DRotRateDtEqtide) Time Rate of Change of Rotational Frequency in EQTIDE [/sec^2]: 0.000000 
(EqRotRateDiscrete) CPL2 Discrete Equilibrium Spin Rate [/sec]: 1.786162e-05 
(EqRotPerDiscrete) CPL2 Discrete Equilibrium Spin Period [sec]: 3.517703e+05 
(EqRotRateCont) CPL2 Continuous Equilibrium Spin Rate [/sec]: 1.786162e-05 
(EqRotPerCont) CPL2 Continuous Equilibrium Rotation Period [sec]: 3.517703e+05 
(EqRotPer) Equilibrium Rotation Period [sec]: 3.517703e+05 
(EqRotRate) Equilibrium Rotation Rate [/sec]: 1.786162e-05 
(GammaRot) Gamma_Rotation [cgs]: -1.000000 
(GammaOrb) Gamma_Orbital [cgs]: -1.000000 
(OceanK2) K2_Ocean []: 1.000000 
(EnvTidalQ) Envelope Tidal Q []: 0.010000 
(OceanTidalQ) Ocean Tidal Q []: 30.000000 
(TideLock) Tidally Locked? []: 0.000000 
(RotTimeEqtide) Timescale for Rotational Evolution in EQTIDE [sec]: inf 
(EnvK2) K2_Env []: 0.010000 
(OblTimeEqtide) Timescale for Obliquity Evolution in EQTIDE []: -1.000000 
(PowerEqtide) Internal Power due to Tides in EQTIDE [kg*m^2/sec^3]: 0.000000 
(SurfEnFluxEqtide) Surface Energy Flux due to Tides in EQTIDE [kg*m^2/sec^2/(m^2*sec)]: 0.000000 
Tidal Perturbers: star
----- ATMESC PARAMETERS (d)------
(SurfWaterMass) Surface Water Mass [TO]: 0.039792 
(EnvelopeMass) Envelope Mass [Earth]: 0.000000 
(OxygenMass) Oxygen Mass [bars]: 435.315702 
(RGLimit) Runaway Greenhouse Semi-Major Axis [m]: 3.692532e+09 
(XO) Atomic Oxygen Mixing Ratio in Upper Atmosphere []: 0.967617 
(EtaO) Oxygen Eta Parameter (Luger and Barnes 2015) []: 0.000000 
(PlanetRadius) Planet Radius [m]: 5.000430e+06 
(OxygenMantleMass) Mass of Oxygen in Mantle [kg]: 0.000000 
(RadXUV) XUV Radius separating hydro. dyn. escpape and equilibrium [m]: -1.000000 
(RadSolid) Radius to the solid surface [m]: -1.000000 
(PresXUV) Pressure at base of Thermosphere []: 5.000000 
(ScaleHeight) Scaling factor in fdLehmerRadius [J s^2 / kg m]: -1.000000 
(ThermTemp) Isothermal Atmospheric Temperature []: 880.000000 
(AtmGasConst) Atmospheric Gas Constant []: 4124.000000 
(PresSurf) Surface Pressure due to Atmosphere []: -1.000000 
(DEnvMassDt) Envelope Mass Loss Rate []: -1.000000 
(FXUV) XUV Flux [W/m^2]: 0.159337 
(AtmXAbsEffH2O) XUV Atmospheric Escape Efficiency for H2O []: 0.103314 
(RGDuration) Runaway Greenhouse Duration [years]: 0.00000e+00
Output Order: Time[year] SurfWaterMass[TO] OxygenMass[bars] EnvelopeMass[Earth] ScaleHeight[J s^2 / kg m] SemiMajorAxis[AU] DeccDtEqtide[/Gyr] EccTimeEqtide[years] EnvTidalQ[] EnvK2[]
Grid Output Order:

----- BODY: e ----
Active Modules: ATMESC EQTIDE
Module Bit Sum: 11
Color: 000000
(Mass) Mass [kg]: 4.610528e+24 
(Obliquity) Obliquity [rad]: 0.000000 
(PrecA) Body's precession angle [rad]: 0.000000 
(Xobl) Body's sin(obl)*cos(pA) []: 0.000000 
(Yobl) Body's sin(obl)*sin(pA) []: 0.000000 
(Zobl) Body's cos(obl) []: 1.000000 
(Radius) Radius [m]: 5.804071e+06 
(RadGyra) Radius of Gyration []: 0.500000 
(RotAngMom) Rotational Angular Momentum [kg*m^2/sec]: 5.315118e+32 
(RotKinEnergy) Body's Rotational Energy [kg*m^2/sec^2]: 3.637808e+27 
(RotVel) Rotational Velocity [m/sec]: 79.449208 
(BodyType) Type of Body (0 == planet) []: 0.000000 
(RotRate) Rotational Frequency [/sec]: 1.368853e-05 
(RotPer) Rotational Period [sec]: 4.590109e+05 
(SurfEnFluxTotal) Total Surface Energy Flux [kg*m^2/sec^2/(m^2*sec)]: 0.340396 
(TidalQ) Tidal Q []: 12.000000 
(ImK2) Im(k_2) []: 0.000833 
(K2) k_2 []: 0.010000 
(K2Man) Real Love Number k2 Mantle []: 0.010000 
(Imk2Man) Imaginary Love Number k2 Mantle []: 0.000833 
(HEcc) Poincare's h (=e*sin(varpi) []: 0.000000 
(HZLimitDryRunaway) Semi-major axis of Dry Runaway HZ Limit [m]: 3.106706e+09 
(Instellation) Orbit-averaged INcident STELLar radiATION [rad]: 3.106706e+09 
(KEcc) Poincare's k (=e*cos(varpi) []: 4.051187e-05 
(Eccentricity) Orbital Eccentricity []: 4.051187e-05 
(OrbEnergy) Body's Total Orbital Energy [kg*m^2/sec^2]: -6.852548e+33 
(MeanMotion) Orbital Mean Motion [/sec]: 1.372149e-05 
(OrbPeriod) Orbital Period [sec]: 4.579085e+05 
(SemiMajorAxis) Semi-major Axis [AU]: 0.026561 
(OrbAngMom) Orbital Angular Momentum [kg*m^2/sec]: 9.988055e+38 
(TotOrbEnergy) System's Total Orbital Energy [kg*m^2/sec^2]: -6.075480e+34 
(OrbPotEnergy) Body's Orbital Potential Energy [kg*m^2/sec^2]: -1.370510e+34 
(LostEnergy) Body's Total Lost Energy [kg*m^2/sec^2]: 3.062252e+32 
----- EQTIDE PARAMETERS (e)------
(TidalRadius) Tidal Radius [m]: 5.804071e+06 
(DsemiDtEqtide) Total da/dt in EQTIDE [m/sec]: -3.479128e-08 
(DeccDtEqtide) Total de/dt in EQTIDE [/Gyr]: -3.638060e-05 
(DMeanMotionDtEqtide) Total dMeanMotion/dt in EQTIDE [/sec^2]: 1.802157e-22 
(DOrbPerDtEqtide) Total dOrbPer/dt in EQTIDE []: -6.014094e-12 
(EccTimeEqtide) Timescale for Eccentricity Evolution (e/[de/dt]) in EQTIDE [years]: 1.113557e+09 
(SemiTimeEqtide) Timescale for Semi-major Axis Evolution (a/[da/dt]) in EQTIDE [sec]: 1.142089e+17 
(DHEccDtEqtide) Time Rate of Change of Poincare's h in EQTIDE [/sec]: -0.000000 
(DKEccDtEqtide) Time Rate of Change of Poincare's k in EQTIDE [/sec]: -1.152832e-21 
(DXoblDtEqtide) Time Rate of Change of Laskar's X in EQTIDE [/sec]: 0.000000 
(DYoblDtEqtide) Time Rate of Change of Laskar's Y in EQTIDE [/sec]: 0.000000 
(DZoblDtEqtide) Time Rate of Change of Laskar's Z in EQTIDE [/sec]: 0.000000 
(LockTime) Time when body tidally locked. [sec]: -1.000000 
(BodyDsemiDtEqtide) Body's Contribution to dSemi/dt in EQTIDE []: -1.000000 
(BodyDeccDt) Body's Contribution to dEcc/dt in EQTIDE []: -1.000000 
(DOblDtEqtide) Time Rate of Change of Obliquity in EQTIDE [rad/sec]: 0.000000 
(DRotPerDtEqtide) Time Rate of Change of Rotation Period in EQTIDE []: -3.776253e-06 
(DRotRateDtEqtide) Time Rate of Change of Rotational Frequency in EQTIDE [/sec^2]: 1.126147e-16 
(EqRotRateDiscrete) CPL2 Discrete Equilibrium Spin Rate [/sec]: 1.372149e-05 
(EqRotPerDiscrete) CPL2 Discrete Equilibrium Spin Period [sec]: 4.579085e+05 
(EqRotRateCont) CPL2 Continuous Equilibrium Spin Rate [/sec]: 1.372149e-05 
(EqRotPerCont) CPL2 Continuous Equilibrium Rotation Period [sec]: 4.579085e+05 
(EqRotPer) Equilibrium Rotation Period [sec]: 4.579085e+05 
(EqRotRate) Equilibrium Rotation Rate [/sec]: 1.372149e-05 
(GammaRot) Gamma_Rotation [cgs]: -1.000000 
(GammaOrb) Gamma_Orbital [cgs]: -1.000000 
(OceanK2) K2_Ocean []: 1.000000 
(EnvTidalQ) Envelope Tidal Q []: 0.010000 
(OceanTidalQ) Ocean Tidal Q []: 30.000000 
(TideLock) Tidally Locked? []: 0.000000 
(RotTimeEqtide) Timescale for Rotational Evolution in EQTIDE [sec]: 1.215519e+11 
(EnvK2) K2_Env []: 0.010000 
(OblTimeEqtide) Timescale for Obliquity Evolution in EQTIDE []: -1.000000 
(PowerEqtide) Internal Power due to Tides in EQTIDE [kg*m^2/sec^3]: 1.440986e+14 
(SurfEnFluxEqtide) Surface Energy Flux due to Tides in EQTIDE [kg*m^2/sec^2/(m^2*sec)]: 0.340396 
Tidal Perturbers: star
----- ATMESC PARAMETERS (e)------
(SurfWaterMass) Surface Water Mass [TO]: 1.516705 
(EnvelopeMass) Envelope Mass [Earth]: 0.000000 
(OxygenMass) Oxygen Mass [bars]: 1601.880365 
(RGLimit) Runaway Greenhouse Semi-Major Axis [m]: 3.606609e+09 
(XO) Atomic Oxygen Mixing Ratio in Upper Atmosphere []: 0.712703 
(EtaO) Oxygen Eta Parameter (Luger and Barnes 2015) []: 0.000000 
(PlanetRadius) Planet Radius [m]: 5.804071e+06 
(OxygenMantleMass) Mass of Oxygen in Mantle [kg]: 0.000000 
(RadXUV) XUV Radius separating hydro. dyn. escpape and equilibrium [m]: -1.000000 
(RadSolid) Radius to the solid surface [m]: -1.000000 
(PresXUV) Pressure at base of Thermosphere []: 5.000000 
(ScaleHeight) Scaling factor in fdLehmerRadius [J s^2 / kg m]: -1.000000 
(ThermTemp) Isothermal Atmospheric Temperature []: 880.000000 
(AtmGasConst) Atmospheric Gas Constant []: 4124.000000 
(PresSurf) Surface Pressure due to Atmosphere []: -1.000000 
(DEnvMassDt) Envelope Mass Loss Rate []: -1.000000 
(FXUV) XUV Flux [W/m^2]: 0.112103 
(AtmXAbsEffH2O) XUV Atmospheric Escape Efficiency for H2O []: 0.108561 
(RGDuration) Runaway Greenhouse Duration [years]: 5.11638e+08
Output Order: Time[year] SurfWaterMass[TO] OxygenMass[bars] EnvelopeMass[Earth] ScaleHeight[J s^2 / kg m] SemiMajorAxis[AU] DeccDtEqtide[/Gyr] EccTimeEqtide[years] EnvTidalQ[] EnvK2[]
Grid Output Order:

----- BODY: f ----
Active Modules: ATMESC EQTIDE
Module Bit Sum: 11
Color: 000000
(Mass) Mass [kg]: 5.578022e+24 
(Obliquity) Obliquity [rad]: 0.000000 
(PrecA) Body's precession angle [rad]: 0.000000 
(Xobl) Body's sin(obl)*cos(pA) []: 0.000000 
(Yobl) Body's sin(obl)*sin(pA) []: 0.000000 
(Zobl) Body's cos(obl) []: 1.000000 
(Radius) Radius [m]: 6.671493e+06 
(RadGyra) Radius of Gyration []: 0.500000 
(RotAngMom) Rotational Angular Momentum [kg*m^2/sec]: 4.876075e+32 
(RotKinEnergy) Body's Rotational Energy [kg*m^2/sec^2]: 1.915334e+27 
(RotVel) Rotational Velocity [m/sec]: 52.411566 
(BodyType) Type of Body (0 == planet) []: 0.000000 
(RotRate) Rotational Frequency [/sec]: 7.856048e-06 
(RotPer) Rotational Period [sec]: 7.997896e+05 
(SurfEnFluxTotal) Total Surface Energy Flux [kg*m^2/sec^2/(m^2*sec)]: 0.006840 
(TidalQ) Tidal Q []: 12.000000 
(ImK2) Im(k_2) []: 0.000833 
(K2) k_2 []: 0.010000 
(K2Man) Real Love Number k2 Mantle []: 0.010000 
(Imk2Man) Imaginary Love Number k2 Mantle []: 0.000833 
(HEcc) Poincare's h (=e*sin(varpi) []: 0.000000 
(HZLimitDryRunaway) Semi-major axis of Dry Runaway HZ Limit [m]: 3.106749e+09 
(Instellation) Orbit-averaged INcident STELLar radiATION [rad]: 3.106749e+09 
(KEcc) Poincare's k (=e*cos(varpi) []: 0.005238 
(Eccentricity) Orbital Eccentricity []: 0.005238 
(OrbEnergy) Body's Total Orbital Energy [kg*m^2/sec^2]: -5.715075e+33 
(MeanMotion) Orbital Mean Motion [/sec]: 7.853492e-06 
(OrbPeriod) Orbital Period [sec]: 8.000499e+05 
(SemiMajorAxis) Semi-major Axis [AU]: 0.038530 
(OrbAngMom) Orbital Angular Momentum [kg*m^2/sec]: 1.455403e+39 
(TotOrbEnergy) System's Total Orbital Energy [kg*m^2/sec^2]: -6.075480e+34 
(OrbPotEnergy) Body's Orbital Potential Energy [kg*m^2/sec^2]: -1.143015e+34 
(LostEnergy) Body's Total Lost Energy [kg*m^2/sec^2]: 9.080942e+30 
----- EQTIDE PARAMETERS (f)------
(TidalRadius) Tidal Radius [m]: 6.671493e+06 
(DsemiDtEqtide) Total da/dt in EQTIDE [m/sec]: 7.452965e-09 
(DeccDtEqtide) Total de/dt in EQTIDE [/Gyr]: -0.000802 
(DMeanMotionDtEqtide) Total dMeanMotion/dt in EQTIDE [/sec^2]: -1.523187e-23 
(DOrbPerDtEqtide) Total dOrbPer/dt in EQTIDE []: 1.551699e-12 
(EccTimeEqtide) Timescale for Eccentricity Evolution (e/[de/dt]) in EQTIDE [years]: 6.530997e+09 
(SemiTimeEqtide) Timescale for Semi-major Axis Evolution (a/[da/dt]) in EQTIDE [sec]: 7.733941e+17 
(DHEccDtEqtide) Time Rate of Change of Poincare's h in EQTIDE [/sec]: -0.000000 
(DKEccDtEqtide) Time Rate of Change of Poincare's k in EQTIDE [/sec]: -2.541231e-20 
(DXoblDtEqtide) Time Rate of Change of Laskar's X in EQTIDE [/sec]: 0.000000 
(DYoblDtEqtide) Time Rate of Change of Laskar's Y in EQTIDE [/sec]: 0.000000 
(DZoblDtEqtide) Time Rate of Change of Laskar's Z in EQTIDE [/sec]: 0.000000 
(LockTime) Time when body tidally locked. [sec]: -1.000000 
(BodyDsemiDtEqtide) Body's Contribution to dSemi/dt in EQTIDE []: -1.000000 
(BodyDeccDt) Body's Contribution to dEcc/dt in EQTIDE []: -1.000000 
(DOblDtEqtide) Time Rate of Change of Obliquity in EQTIDE [rad/sec]: 0.000000 
(DRotPerDtEqtide) Time Rate of Change of Rotation Period in EQTIDE []: 1.543644e-06 
(DRotRateDtEqtide) Time Rate of Change of Rotational Frequency in EQTIDE [/sec^2]: -1.516267e-17 
(EqRotRateDiscrete) CPL2 Discrete Equilibrium Spin Rate [/sec]: 7.853492e-06 
(EqRotPerDiscrete) CPL2 Discrete Equilibrium Spin Period [sec]: 8.000499e+05 
(EqRotRateCont) CPL2 Continuous Equilibrium Spin Rate [/sec]: 7.855538e-06 
(EqRotPerCont) CPL2 Continuous Equilibrium Rotation Period [sec]: 7.998415e+05 
(EqRotPer) Equilibrium Rotation Period [sec]: 8.000499e+05 
(EqRotRate) Equilibrium Rotation Rate [/sec]: 7.853492e-06 
(GammaRot) Gamma_Rotation [cgs]: -1.000000 
(GammaOrb) Gamma_Orbital [cgs]: -1.000000 
(OceanK2) K2_Ocean []: 1.000000 
(EnvTidalQ) Envelope Tidal Q []: 0.010000 
(OceanTidalQ) Ocean Tidal Q []: 30.000000 
(TideLock) Tidally Locked? []: 0.000000 
(RotTimeEqtide) Timescale for Rotational Evolution in EQTIDE [sec]: 5.181178e+11 
(EnvK2) K2_Env []: 0.010000 
(OblTimeEqtide) Timescale for Obliquity Evolution in EQTIDE []: -1.000000 
(PowerEqtide) Internal Power due to Tides in EQTIDE [kg*m^2/sec^3]: 3.825735e+12 
(SurfEnFluxEqtide) Surface Energy Flux due to Tides in EQTIDE [kg*m^2/sec^2/(m^2*sec)]: 0.006840 
Tidal Perturbers: star
----- ATMESC PARAMETERS (f)------
(SurfWaterMass) Surface Water Mass [TO]: 5.765414 
(EnvelopeMass) Envelope Mass [Earth]: 0.000000 
(OxygenMass) Oxygen Mass [bars]: 575.420541 
(RGLimit) Runaway Greenhouse Semi-Major Axis [m]: 3.590156e+09 
(XO) Atomic Oxygen Mixing Ratio in Upper Atmosphere []: 0.435051 
(EtaO) Oxygen Eta Parameter (Luger and Barnes 2015) []: 0.000000 
(PlanetRadius) Planet Radius [m]: 6.671493e+06 
(OxygenMantleMass) Mass of Oxygen in Mantle [kg]: 0.000000 
(RadXUV) XUV Radius separating hydro. dyn. escpape and equilibrium [m]: -1.000000 
(RadSolid) Radius to the solid surface [m]: -1.000000 
(PresXUV) Pressure at base of Thermosphere []: 5.000000 
(ScaleHeight) Scaling factor in fdLehmerRadius [J s^2 / kg m]: -1.000000 
(ThermTemp) Isothermal Atmospheric Temperature []: 880.000000 
(AtmGasConst) Atmospheric Gas Constant []: 4124.000000 
(PresSurf) Surface Pressure due to Atmosphere []: -1.000000 
(DEnvMassDt) Envelope Mass Loss Rate []: -1.000000 
(FXUV) XUV Flux [W/m^2]: 0.053273 
(AtmXAbsEffH2O) XUV Atmospheric Escape Efficiency for H2O []: 0.118147 
(RGDuration) Runaway Greenhouse Duration [years]: 1.70987e+08
Output Order: Time[year] SurfWaterMass[TO] OxygenMass[bars] EnvelopeMass[Earth] ScaleHeight[J s^2 / kg m] SemiMajorAxis[AU] DeccDtEqtide[/Gyr] EccTimeEqtide[years] EnvTidalQ[] EnvK2[]
Grid Output Order:

----- BODY: g ----
Active Modules: ATMESC EQTIDE
Module Bit Sum: 11
Color: 000000
(Mass) Mass [kg]: 6.856070e+24 
(Obliquity) Obliquity [rad]: 0.000000 
(PrecA) Body's precession angle [rad]: 0.000000 
(Xobl) Body's sin(obl)*cos(pA) []: 0.000000 
(Yobl) Body's sin(obl)*sin(pA) []: 0.000000 
(Zobl) Body's cos(obl) []: 1.000000 
(Radius) Radius [m]: 7.322059e+06 
(RadGyra) Radius of Gyration []: 0.500000 
(RotAngMom) Rotational Angular Momentum [kg*m^2/sec]: 5.375328e+32 
(RotKinEnergy) Body's Rotational Energy [kg*m^2/sec^2]: 1.572166e+27 
(RotVel) Rotational Velocity [m/sec]: 42.830836 
(BodyType) Type of Body (0 == planet) []: 0.000000 
(RotRate) Rotational Frequency [/sec]: 5.849562e-06 
(RotPer) Rotational Period [sec]: 1.074129e+06 
(SurfEnFluxTotal) Total Surface Energy Flux [kg*m^2/sec^2/(m^2*sec)]: 0.002513 
(TidalQ) Tidal Q []: 12.000000 
(ImK2) Im(k_2) []: 0.000833 
(K2) k_2 []: 0.010000 
(K2Man) Real Love Number k2 Mantle []: 0.010000 
(Imk2Man) Imaginary Love Number k2 Mantle []: 0.000833 
(HEcc) Poincare's h (=e*sin(varpi) []: 0.000000 
(HZLimitDryRunaway) Semi-major axis of Dry Runaway HZ Limit [m]: 3.106736e+09 
(Instellation) Orbit-averaged INcident STELLar radiATION [rad]: 3.106736e+09 
(KEcc) Poincare's k (=e*cos(varpi) []: 0.004377 
(Eccentricity) Orbital Eccentricity []: 0.004377 
(OrbEnergy) Body's Total Orbital Energy [kg*m^2/sec^2]: -5.773847e+33 
(MeanMotion) Orbital Mean Motion [/sec]: 5.852438e-06 
(OrbPeriod) Orbital Period [sec]: 1.073601e+06 
(SemiMajorAxis) Semi-major Axis [AU]: 0.046877 
(OrbAngMom) Orbital Angular Momentum [kg*m^2/sec]: 1.973124e+39 
(TotOrbEnergy) System's Total Orbital Energy [kg*m^2/sec^2]: -6.075480e+34 
(OrbPotEnergy) Body's Orbital Potential Energy [kg*m^2/sec^2]: -1.154769e+34 
(LostEnergy) Body's Total Lost Energy [kg*m^2/sec^2]: 1.658635e+30 
----- EQTIDE PARAMETERS (g)------
(TidalRadius) Tidal Radius [m]: 7.322059e+06 
(DsemiDtEqtide) Total da/dt in EQTIDE [m/sec]: -3.287417e-09 
(DeccDtEqtide) Total de/dt in EQTIDE [/Gyr]: -0.000210 
(DMeanMotionDtEqtide) Total dMeanMotion/dt in EQTIDE [/sec^2]: 4.115298e-24 
(DOrbPerDtEqtide) Total dOrbPer/dt in EQTIDE []: -7.549315e-13 
(EccTimeEqtide) Timescale for Eccentricity Evolution (e/[de/dt]) in EQTIDE [years]: 2.080443e+10 
(SemiTimeEqtide) Timescale for Semi-major Axis Evolution (a/[da/dt]) in EQTIDE [sec]: 2.133176e+18 
(DHEccDtEqtide) Time Rate of Change of Poincare's h in EQTIDE [/sec]: -0.000000 
(DKEccDtEqtide) Time Rate of Change of Poincare's k in EQTIDE [/sec]: -6.667088e-21 
(DXoblDtEqtide) Time Rate of Change of Laskar's X in EQTIDE [/sec]: 0.000000 
(DYoblDtEqtide) Time Rate of Change of Laskar's Y in EQTIDE [/sec]: 0.000000 
(DZoblDtEqtide) Time Rate of Change of Laskar's Z in EQTIDE [/sec]: 0.000000 
(LockTime) Time when body tidally locked. [sec]: -1.000000 
(BodyDsemiDtEqtide) Body's Contribution to dSemi/dt in EQTIDE []: -1.000000 
(BodyDeccDt) Body's Contribution to dEcc/dt in EQTIDE []: -1.000000 
(DOblDtEqtide) Time Rate of Change of Obliquity in EQTIDE [rad/sec]: 0.000000 
(DRotPerDtEqtide) Time Rate of Change of Rotation Period in EQTIDE []: -9.240491e-07 
(DRotRateDtEqtide) Time Rate of Change of Rotational Frequency in EQTIDE [/sec^2]: 5.032246e-18 
(EqRotRateDiscrete) CPL2 Discrete Equilibrium Spin Rate [/sec]: 5.852438e-06 
(EqRotPerDiscrete) CPL2 Discrete Equilibrium Spin Period [sec]: 1.073601e+06 
(EqRotRateCont) CPL2 Continuous Equilibrium Spin Rate [/sec]: 5.853503e-06 
(EqRotPerCont) CPL2 Continuous Equilibrium Rotation Period [sec]: 1.073406e+06 
(EqRotPer) Equilibrium Rotation Period [sec]: 1.073601e+06 
(EqRotRate) Equilibrium Rotation Rate [/sec]: 5.852438e-06 
(GammaRot) Gamma_Rotation [cgs]: -1.000000 
(GammaOrb) Gamma_Orbital [cgs]: -1.000000 
(OceanK2) K2_Ocean []: 1.000000 
(EnvTidalQ) Envelope Tidal Q []: 0.010000 
(OceanTidalQ) Ocean Tidal Q []: 30.000000 
(TideLock) Tidally Locked? []: 0.000000 
(RotTimeEqtide) Timescale for Rotational Evolution in EQTIDE [sec]: 1.162416e+12 
(EnvK2) K2_Env []: 0.010000 
(OblTimeEqtide) Timescale for Obliquity Evolution in EQTIDE []: -1.000000 
(PowerEqtide) Internal Power due to Tides in EQTIDE [kg*m^2/sec^3]: 1.692888e+12 
(SurfEnFluxEqtide) Surface Energy Flux due to Tides in EQTIDE [kg*m^2/sec^2/(m^2*sec)]: 0.002513 
Tidal Perturbers: star
----- ATMESC PARAMETERS (g)------
(SurfWaterMass) Surface Water Mass [TO]: 6.981698 
(EnvelopeMass) Envelope Mass [Earth]: 0.000000 
(OxygenMass) Oxygen Mass [bars]: 370.387727 
(RGLimit) Runaway Greenhouse Semi-Major Axis [m]: 3.572623e+09 
(XO) Atomic Oxygen Mixing Ratio in Upper Atmosphere []: 0.401004 
(EtaO) Oxygen Eta Parameter (Luger and Barnes 2015) []: 0.000000 
(PlanetRadius) Planet Radius [m]: 7.322059e+06 
(OxygenMantleMass) Mass of Oxygen in Mantle [kg]: 0.000000 
(RadXUV) XUV Radius separating hydro. dyn. escpape and equilibrium [m]: -1.000000 
(RadSolid) Radius to the solid surface [m]: -1.000000 
(PresXUV) Pressure at base of Thermosphere []: 5.000000 
(ScaleHeight) Scaling factor in fdLehmerRadius [J s^2 / kg m]: -1.000000 
(ThermTemp) Isothermal Atmospheric Temperature []: 880.000000 
(AtmGasConst) Atmospheric Gas Constant []: 4124.000000 
(PresSurf) Surface Pressure due to Atmosphere []: -1.000000 
(DEnvMassDt) Envelope Mass Loss Rate []: -1.000000 
(FXUV) XUV Flux [W/m^2]: 0.035991 
(AtmXAbsEffH2O) XUV Atmospheric Escape Efficiency for H2O []: 0.122246 
(RGDuration) Runaway Greenhouse Duration [years]: 1.01786e+08
Output Order: Time[year] SurfWaterMass[TO] OxygenMass[bars] EnvelopeMass[Earth] ScaleHeight[J s^2 / kg m] SemiMajorAxis[AU] DeccDtEqtide[/Gyr] EccTimeEqtide[years] EnvTidalQ[] EnvK2[]
Grid Output Order:

----- BODY: h ----
Active Modules: ATMESC EQTIDE
Module Bit Sum: 11
Color: 000000
(Mass) Mass [kg]: 1.976794e+24 
(Obliquity) Obliquity [rad]: 0.000000 
(PrecA) Body's precession angle [rad]: 0.000000 
(Xobl) Body's sin(obl)*cos(pA) []: 0.000000 
(Yobl) Body's sin(obl)*sin(pA) []: 0.000000 
(Zobl) Body's cos(obl) []: 1.000000 
(Radius) Radius [m]: 4.930271e+06 
(RadGyra) Radius of Gyration []: 0.500000 
(RotAngMom) Rotational Angular Momentum [kg*m^2/sec]: 4.629410e+31 
(RotKinEnergy) Body's Rotational Energy [kg*m^2/sec^2]: 8.920277e+25 
(RotVel) Rotational Velocity [m/sec]: 18.999996 
(BodyType) Type of Body (0 == planet) []: 0.000000 
(RotRate) Rotational Frequency [/sec]: 3.853742e-06 
(RotPer) Rotational Period [sec]: 1.630411e+06 
(SurfEnFluxTotal) Total Surface Energy Flux [kg*m^2/sec^2/(m^2*sec)]: 4.024179e-05 
(TidalQ) Tidal Q []: 12.000000 
(ImK2) Im(k_2) []: 0.000833 
(K2) k_2 []: 0.010000 
(K2Man) Real Love Number k2 Mantle []: 0.010000 
(Imk2Man) Imaginary Love Number k2 Mantle []: 0.000833 
(HEcc) Poincare's h (=e*sin(varpi) []: 0.000000 
(HZLimitDryRunaway) Semi-major axis of Dry Runaway HZ Limit [m]: 3.106754e+09 
(Instellation) Orbit-averaged INcident STELLar radiATION [rad]: 3.106754e+09 
(KEcc) Poincare's k (=e*cos(varpi) []: 0.005556 
(Eccentricity) Orbital Eccentricity []: 0.005556 
(OrbEnergy) Body's Total Orbital Energy [kg*m^2/sec^2]: -1.260003e+33 
(MeanMotion) Orbital Mean Motion [/sec]: 3.853553e-06 
(OrbPeriod) Orbital Period [sec]: 1.630491e+06 
(SemiMajorAxis) Semi-major Axis [AU]: 0.061935 
(OrbAngMom) Orbital Angular Momentum [kg*m^2/sec]: 6.539336e+38 
(TotOrbEnergy) System's Total Orbital Energy [kg*m^2/sec^2]: -6.075480e+34 
(OrbPotEnergy) Body's Orbital Potential Energy [kg*m^2/sec^2]: -2.520007e+33 
(LostEnergy) Body's Total Lost Energy [kg*m^2/sec^2]: 3.672573e+28 
----- EQTIDE PARAMETERS (h)------
(TidalRadius) Tidal Radius [m]: 4.930271e+06 
(DsemiDtEqtide) Total da/dt in EQTIDE [m/sec]: 3.406627e-10 
(DeccDtEqtide) Total de/dt in EQTIDE [/Gyr]: -2.419271e-05 
(DMeanMotionDtEqtide) Total dMeanMotion/dt in EQTIDE [/sec^2]: -2.125279e-25 
(DOrbPerDtEqtide) Total dOrbPer/dt in EQTIDE []: 8.992346e-14 
(EccTimeEqtide) Timescale for Eccentricity Evolution (e/[de/dt]) in EQTIDE [years]: 2.296570e+11 
(SemiTimeEqtide) Timescale for Semi-major Axis Evolution (a/[da/dt]) in EQTIDE [sec]: 2.719799e+19 
(DHEccDtEqtide) Time Rate of Change of Poincare's h in EQTIDE [/sec]: -0.000000 
(DKEccDtEqtide) Time Rate of Change of Poincare's k in EQTIDE [/sec]: -7.666207e-22 
(DXoblDtEqtide) Time Rate of Change of Laskar's X in EQTIDE [/sec]: 0.000000 
(DYoblDtEqtide) Time Rate of Change of Laskar's Y in EQTIDE [/sec]: 0.000000 
(DZoblDtEqtide) Time Rate of Change of Laskar's Z in EQTIDE [/sec]: 0.000000 
(LockTime) Time when body tidally locked. [sec]: -1.000000 
(BodyDsemiDtEqtide) Body's Contribution to dSemi/dt in EQTIDE []: -1.000000 
(BodyDeccDt) Body's Contribution to dEcc/dt in EQTIDE []: -1.000000 
(DOblDtEqtide) Time Rate of Change of Obliquity in EQTIDE [rad/sec]: 0.000000 
(DRotPerDtEqtide) Time Rate of Change of Rotation Period in EQTIDE []: 4.234860e-07 
(DRotRateDtEqtide) Time Rate of Change of Rotational Frequency in EQTIDE [/sec^2]: -1.000978e-18 
(EqRotRateDiscrete) CPL2 Discrete Equilibrium Spin Rate [/sec]: 3.853553e-06 
(EqRotPerDiscrete) CPL2 Discrete Equilibrium Spin Period [sec]: 1.630491e+06 
(EqRotRateCont) CPL2 Continuous Equilibrium Spin Rate [/sec]: 3.854683e-06 
(EqRotPerCont) CPL2 Continuous Equilibrium Rotation Period [sec]: 1.630013e+06 
(EqRotPer) Equilibrium Rotation Period [sec]: 1.630491e+06 
(EqRotRate) Equilibrium Rotation Rate [/sec]: 3.853553e-06 
(GammaRot) Gamma_Rotation [cgs]: -1.000000 
(GammaOrb) Gamma_Orbital [cgs]: -1.000000 
(OceanK2) K2_Ocean []: 1.000000 
(EnvTidalQ) Envelope Tidal Q []: 0.010000 
(OceanTidalQ) Ocean Tidal Q []: 30.000000 
(TideLock) Tidally Locked? []: 0.000000 
(RotTimeEqtide) Timescale for Rotational Evolution in EQTIDE [sec]: 3.849977e+12 
(EnvK2) K2_Env []: 0.010000 
(OblTimeEqtide) Timescale for Obliquity Evolution in EQTIDE []: -1.000000 
(PowerEqtide) Internal Power due to Tides in EQTIDE [kg*m^2/sec^3]: 1.229218e+10 
(SurfEnFluxEqtide) Surface Energy Flux due to Tides in EQTIDE [kg*m^2/sec^2/(m^2*sec)]: 4.024179e-05 
Tidal Perturbers: star
----- ATMESC PARAMETERS (h)------
(SurfWaterMass) Surface Water Mass [TO]: 9.208816 
(EnvelopeMass) Envelope Mass [Earth]: 0.000000 
(OxygenMass) Oxygen Mass [bars]: 80.961573 
(RGLimit) Runaway Greenhouse Semi-Major Axis [m]: 3.682444e+09 
(XO) Atomic Oxygen Mixing Ratio in Upper Atmosphere []: 0.342115 
(EtaO) Oxygen Eta Parameter (Luger and Barnes 2015) []: 0.000000 
(PlanetRadius) Planet Radius [m]: 4.930271e+06 
(OxygenMantleMass) Mass of Oxygen in Mantle [kg]: 0.000000 
(RadXUV) XUV Radius separating hydro. dyn. escpape and equilibrium [m]: -1.000000 
(RadSolid) Radius to the solid surface [m]: -1.000000 
(PresXUV) Pressure at base of Thermosphere []: 5.000000 
(ScaleHeight) Scaling factor in fdLehmerRadius [J s^2 / kg m]: -1.000000 
(ThermTemp) Isothermal Atmospheric Temperature []: 880.000000 
(AtmGasConst) Atmospheric Gas Constant []: 4124.000000 
(PresSurf) Surface Pressure due to Atmosphere []: -1.000000 
(DEnvMassDt) Envelope Mass Loss Rate []: -1.000000 
(FXUV) XUV Flux [W/m^2]: 0.020618 
(AtmXAbsEffH2O) XUV Atmospheric Escape Efficiency for H2O []: 0.126821 
(RGDuration) Runaway Greenhouse Duration [years]: 5.28882e+07
Output Order: Time[year] SurfWaterMass[TO] OxygenMass[bars] EnvelopeMass[Earth] ScaleHeight[J s^2 / kg m] SemiMajorAxis[AU] DeccDtEqtide[/Gyr] EccTimeEqtide[years] EnvTidalQ[] EnvK2[]
Grid Output Order:

Runtime = 7186 s
Total Number of Steps = 100785091
