-------- Log file trappist1.log -------

Executable: vplanet
Version: v1.0.0-170-g8483d16d51824524314dedec8b7e1d99987129d3
System Name: trappist1
Primary Input File: vpl.in
Body File #1: star.in
Allow files to be overwitten: Yes
Mass Units: Kilograms
Length Units: Meters
Time Units: Seconds
Angle Units: Radians

------- FORMATTING -----
Verbosity Level: 5
Crossover Decade for Scientific Notation: 4
Number of Digits After Decimal: 8
Integration Method: Runge-Kutta4
Direction: Forward
Time Step: 3.15576000e+07
Stop Time: 3.15576000e+17
Output Interval: 3.15576000e+13
Use Variable Timestep: Yes
dEta: 0.10000000
Minimum Value of ecc and obl: 1.00000000e-10


---- INITIAL SYSTEM PROPERTIES ----
(Age) System Age [sec]: 1.57788000e+14 
(Time) Simulation Time [sec]: 0.00000000 
(TotAngMom) Total Angular Momentum [kg*m^2/sec]: 4.18726787e+41 
(TotEnergy) Total System Energy [kg*m^2/sec^2]: -3.17126494e+39 
(PotEnergy) Body's non-orbital Potential Energy [kg*m^2/sec^2]: -3.18649027e+39 
(KinEnergy) Body's non-orbital Kinetic Energy [kg*m^2/sec^2]: 1.52253356e+37 
(DeltaTime) Average Timestep Over Last Output Interval [sec]: 0.00000000 
(Density) Average Density [kg/m^3]: 1.21583070e+04 
(LongP) Body's Longitude of pericenter [rad]: 3.92699082 
(LXUVTot) Total XUV Luminosity [LSUN]: 8.48391490e-06 

----- BODY: star ----
Active Modules: STELLAR
Module Bit Sum: 65
Color: 000000
(Mass) Mass [kg]: 1.76969024e+29 
(Radius) Radius [m]: 3.93584138e+08 
(RadGyra) Radius of Gyration []: 0.45829603 
(RotAngMom) Rotational Angular Momentum [kg*m^2/sec]: 4.18726787e+41 
(RotVel) Rotational Velocity [m/sec]: 2.86222462e+04 
(BodyType) Type of Body (0 == planet) []: 0.00000000 
(RotRate) Rotational Frequency [/sec]: 7.27220522e-05 
(RotPer) Rotational Period [sec]: 8.64000000e+04 
(HZLimitDryRunaway) Semi-major axis of Dry Runaway HZ Limit [m]: -1.00000000 
(Instellation) Orbit-averaged INcident STELLar radiATION [kg*m^2/sec^2/(m^2*sec)]: -1.00000000 
(CriticalSemiMajorAxis) Holman & Wiegert (1999) P-type Critical Semi-major Axis [m]: -1.00000000 
(LostEnergy) Body's Total Lost Energy [kg*m^2/sec^2]: 5.56268465e-309 
(LostAngMom) Lost Angular Momentum due to Magnetic Braking [kg*m^2/sec]: 5.56268465e-309 
----- STELLAR PARAMETERS (star)------
(Luminosity) Luminosity [LSUN]: 0.02292950 
(LXUVStellar) Base X-ray/XUV Luminosity [kg*m^2/sec^3]: 3.26291367e+21 
(Temperature) Effective Temperature [K]: 2988.22239069 
(LXUVFrac) X-ray/XUV Luminosity Fraction []: 0.00037000 
(RossbyNumber) Rossby Number []: 0.01470269 
(DRotPerDtStellar) Time Rate of Change of Rotation Period in STELLAR []: -5.64960196e-10 
(HZLimRecVenus) Recent Venus Habitable Zone Limit [m]: 1.84947612e+10 
(HZLimRunaway) Runaway Greenhouse Habitable Zone Limit [m]: 2.43463047e+10 
(HZLimMoistGreenhouse) Moist Greenhouse Habitable Zone Limit [m]: 2.44716319e+10 
(HZLimMaxGreenhouse) Maximum Greenhouse Habitable Zone Limit [m]: 4.69007320e+10 
(HZLimEarlyMars) Early Mars Habitable Zone Limit [m]: 5.11500320e+10 
Output Order: Time[year] Luminosity[LSUN] LXUVTot[LSUN] Temperature[K] HZLimRecVenus[AU] HZLimRunaway[AU] HZLimMaxGreenhouse[AU] HZLimEarlyMars[AU]
Grid Output Order:



---- FINAL SYSTEM PROPERTIES ----
(Age) System Age [sec]: 3.09832517e+17 
(Time) Simulation Time [sec]: 3.09674729e+17 
(TotAngMom) Total Angular Momentum [kg*m^2/sec]: 4.20783684e+41 
(TotEnergy) Total System Energy [kg*m^2/sec^2]: -3.18706427e+39 
(PotEnergy) Body's non-orbital Potential Energy [kg*m^2/sec^2]: -1.61534014e+40 
(KinEnergy) Body's non-orbital Kinetic Energy [kg*m^2/sec^2]: 1.75193817e+32 
(DeltaTime) Average Timestep Over Last Output Interval [sec]: 3.02507669e+08 
(Density) Average Density [kg/m^3]: 1.58389822e+06 
(LongP) Body's Longitude of pericenter [rad]: 3.92699082 
(LXUVTot) Total XUV Luminosity [LSUN]: 1.26373518e-07 

----- BODY: star ----
Active Modules: STELLAR
Module Bit Sum: 65
Color: 000000
(Mass) Mass [kg]: 1.76969024e+29 
(Radius) Radius [m]: 7.76401200e+07 
(RadGyra) Radius of Gyration []: 0.46503000 
(RotAngMom) Rotational Angular Momentum [kg*m^2/sec]: 2.84308721e+38 
(RotVel) Rotational Velocity [m/sec]: 95.68520379 
(BodyType) Type of Body (0 == planet) []: 0.00000000 
(RotRate) Rotational Frequency [/sec]: 1.23241958e-06 
(RotPer) Rotational Period [sec]: 5.09825179e+06 
(HZLimitDryRunaway) Semi-major axis of Dry Runaway HZ Limit [m]: -1.00000000 
(Instellation) Orbit-averaged INcident STELLar radiATION [kg*m^2/sec^2/(m^2*sec)]: -1.00000000 
(CriticalSemiMajorAxis) Holman & Wiegert (1999) P-type Critical Semi-major Axis [m]: -1.00000000 
(LostEnergy) Body's Total Lost Energy [kg*m^2/sec^2]: 1.29663370e+40 
(LostAngMom) Lost Angular Momentum due to Magnetic Braking [kg*m^2/sec]: 4.20499375e+41 
----- STELLAR PARAMETERS (star)------
(Luminosity) Luminosity [LSUN]: 0.00051856 
(LXUVStellar) Base X-ray/XUV Luminosity [kg*m^2/sec^3]: 4.86032549e+19 
(Temperature) Effective Temperature [K]: 2614.23906439 
(LXUVFrac) X-ray/XUV Luminosity Fraction []: 0.00024370 
(RossbyNumber) Rossby Number []: 0.71634241 
(DRotPerDtStellar) Time Rate of Change of Rotation Period in STELLAR []: 1.63242363e-11 
(HZLimRecVenus) Recent Venus Habitable Zone Limit [m]: 2.79804762e+09 
(HZLimRunaway) Runaway Greenhouse Habitable Zone Limit [m]: 3.67598009e+09 
(HZLimMoistGreenhouse) Moist Greenhouse Habitable Zone Limit [m]: 3.70228709e+09 
(HZLimMaxGreenhouse) Maximum Greenhouse Habitable Zone Limit [m]: 7.19777055e+09 
(HZLimEarlyMars) Early Mars Habitable Zone Limit [m]: 7.85017403e+09 
Output Order: Time[year] Luminosity[LSUN] LXUVTot[LSUN] Temperature[K] HZLimRecVenus[AU] HZLimRunaway[AU] HZLimMaxGreenhouse[AU] HZLimEarlyMars[AU]
Grid Output Order:
